21:44:01 INFO  : Processing command line option -hwspec /home/michael/ecen5139_final_project/hdl_ad7511_fork/projects/adv7511/zed/adv7511_zed.sdk/system_top.hdf.
21:47:45 INFO  : Invoking Bootgen: bootgen -image fsbl.bif -o i /home/michael/ecen5139_final_project/bitstreams/midtermPriorityQueue/midtermPriorityQueueBOOT.bin
21:47:45 INFO  : Creating new bif file /home/michael/ecen5139_final_project/bitstreams/midtermPriorityQueue/fsbl.bif
21:47:48 INFO  : Bootgen command execution is done.
23:07:23 INFO  : Processing command line option -hwspec /home/michael/ecen5139_final_project/hdl_ad7511_fork/projects/adv7511/zed/adv7511_zed.sdk/system_top.hdf.
23:07:23 INFO  : Checking for hwspec changes in the project system_top_hw_platform_0.
23:07:23 INFO  : SDK has detected change in the last modified timestamps for source hardware specification file Source:1449036332000,  Project:1449030724000
23:07:23 INFO  : The hardware specification for project 'system_top_hw_platform_0' is different from /home/michael/ecen5139_final_project/hdl_ad7511_fork/projects/adv7511/zed/adv7511_zed.sdk/system_top.hdf.
23:07:23 INFO  : Copied contents of /home/michael/ecen5139_final_project/hdl_ad7511_fork/projects/adv7511/zed/adv7511_zed.sdk/system_top.hdf into /system_top_hw_platform_0/system.hdf.
23:07:25 INFO  : Synchronizing projects in the workspace with the hardware platform specification changes.
23:07:32 INFO  : 
23:07:34 INFO  : Updating hardware inferred compiler options for fsbl.
23:07:34 INFO  : Clearing existing target manager status.
23:07:37 INFO  : Copied contents of /home/michael/ecen5139_final_project/hdl_ad7511_fork/projects/adv7511/zed/adv7511_zed.sdk/system_top_hw_platform_0/ps7_init.html into /fsbl/src/ps7_init.html.
23:07:37 INFO  : Copied contents of /home/michael/ecen5139_final_project/hdl_ad7511_fork/projects/adv7511/zed/adv7511_zed.sdk/system_top_hw_platform_0/ps7_init.tcl into /fsbl/src/ps7_init.tcl.
23:07:37 INFO  : Closing and re-opening the MSS file of ther project fsbl_bsp
23:07:39 INFO  : Workspace synchronized with the new hardware specification file. Cleaning dependent projects...
23:09:45 INFO  : Invoking Bootgen: bootgen -image fsbl.bif -o i /home/michael/ecen5139_final_project/bitstreams/minHeapPriorityQueue/minHeapPriorityQueueBOOT.bin
23:09:45 INFO  : Creating new bif file /home/michael/ecen5139_final_project/bitstreams/minHeapPriorityQueue/fsbl.bif
23:09:46 INFO  : Bootgen command execution is done.
23:10:24 ERROR : Unexpected error while parsing XMD response ￿: com.google.gson.JsonSyntaxException: com.google.gson.stream.MalformedJsonException: invalid number or unquoted string near 
14:33:36 INFO  : Processing command line option -hwspec /home/michael/ecen5139_final_project/hdl_ad7511_fork/projects/adv7511/zed/adv7511_zed.sdk/system_top.hdf.
14:33:36 INFO  : Checking for hwspec changes in the project system_top_hw_platform_0.
14:33:36 INFO  : SDK has detected change in the last modified timestamps for source hardware specification file Source:1449349633000,  Project:1449036332000
14:33:36 INFO  : The hardware specification for project 'system_top_hw_platform_0' is different from /home/michael/ecen5139_final_project/hdl_ad7511_fork/projects/adv7511/zed/adv7511_zed.sdk/system_top.hdf.
14:33:36 INFO  : Copied contents of /home/michael/ecen5139_final_project/hdl_ad7511_fork/projects/adv7511/zed/adv7511_zed.sdk/system_top.hdf into /system_top_hw_platform_0/system.hdf.
14:33:38 INFO  : Synchronizing projects in the workspace with the hardware platform specification changes.
14:33:52 INFO  : 
14:33:54 INFO  : Updating hardware inferred compiler options for fsbl.
14:33:54 INFO  : Clearing existing target manager status.
14:33:56 INFO  : Copied contents of /home/michael/ecen5139_final_project/hdl_ad7511_fork/projects/adv7511/zed/adv7511_zed.sdk/system_top_hw_platform_0/ps7_init.html into /fsbl/src/ps7_init.html.
14:33:56 INFO  : Copied contents of /home/michael/ecen5139_final_project/hdl_ad7511_fork/projects/adv7511/zed/adv7511_zed.sdk/system_top_hw_platform_0/ps7_init.tcl into /fsbl/src/ps7_init.tcl.
14:33:56 INFO  : Closing and re-opening the MSS file of ther project fsbl_bsp
14:33:59 INFO  : Workspace synchronized with the new hardware specification file. Cleaning dependent projects...
14:45:59 INFO  : Invoking Bootgen: bootgen -image fsbl.bif -o i /home/michael/ecen5139_final_project/bitstreams/midtermPriorityQueueVerilog/midtermPriorityQueueVerilog_BOOT.bin
14:45:59 INFO  : Creating new bif file /home/michael/ecen5139_final_project/bitstreams/midtermPriorityQueueVerilog/fsbl.bif
14:46:02 INFO  : Bootgen command execution is done.
14:46:18 ERROR : Unexpected error while parsing XMD response ￿: com.google.gson.JsonSyntaxException: com.google.gson.stream.MalformedJsonException: invalid number or unquoted string near 
16:15:29 INFO  : Processing command line option -hwspec /home/michael/ecen5139_final_project/hdl_ad7511_fork/projects/adv7511/zed/adv7511_zed.sdk/system_top.hdf.
16:15:29 INFO  : Checking for hwspec changes in the project system_top_hw_platform_0.
16:15:29 INFO  : SDK has detected change in the last modified timestamps for source hardware specification file Source:1449357276000,  Project:1449349633000
16:15:29 INFO  : The hardware specification for project 'system_top_hw_platform_0' is different from /home/michael/ecen5139_final_project/hdl_ad7511_fork/projects/adv7511/zed/adv7511_zed.sdk/system_top.hdf.
16:15:29 INFO  : Copied contents of /home/michael/ecen5139_final_project/hdl_ad7511_fork/projects/adv7511/zed/adv7511_zed.sdk/system_top.hdf into /system_top_hw_platform_0/system.hdf.
16:15:40 INFO  : Synchronizing projects in the workspace with the hardware platform specification changes.
16:15:47 INFO  : 
16:15:49 INFO  : Updating hardware inferred compiler options for fsbl.
16:15:49 INFO  : Clearing existing target manager status.
16:15:50 INFO  : Copied contents of /home/michael/ecen5139_final_project/hdl_ad7511_fork/projects/adv7511/zed/adv7511_zed.sdk/system_top_hw_platform_0/ps7_init.html into /fsbl/src/ps7_init.html.
16:15:50 INFO  : Copied contents of /home/michael/ecen5139_final_project/hdl_ad7511_fork/projects/adv7511/zed/adv7511_zed.sdk/system_top_hw_platform_0/ps7_init.tcl into /fsbl/src/ps7_init.tcl.
16:15:50 INFO  : Closing and re-opening the MSS file of ther project fsbl_bsp
16:15:52 INFO  : Workspace synchronized with the new hardware specification file. Cleaning dependent projects...
16:16:31 INFO  : Invoking Bootgen: bootgen -image fsbl.bif -o i /home/michael/ecen5139_final_project/bitstreams/midtermPriorityQueueVerilog/midtermPriorityQueueVerilog_BOOT.bin -w on
16:16:31 INFO  : Bootgen command execution is done.
16:16:35 ERROR : Unexpected error while parsing XMD response ￿: com.google.gson.JsonSyntaxException: com.google.gson.stream.MalformedJsonException: invalid number or unquoted string near 
17:00:26 INFO  : Processing command line option -hwspec /home/michael/ecen5139_final_project/hdl_ad7511_fork/projects/adv7511/zed/adv7511_zed.sdk/system_top.hdf.
17:00:27 INFO  : Checking for hwspec changes in the project system_top_hw_platform_0.
17:00:27 INFO  : SDK has detected change in the last modified timestamps for source hardware specification file Source:1449359684000,  Project:1449357276000
17:00:27 INFO  : The hardware specification for project 'system_top_hw_platform_0' is different from /home/michael/ecen5139_final_project/hdl_ad7511_fork/projects/adv7511/zed/adv7511_zed.sdk/system_top.hdf.
17:00:27 INFO  : Copied contents of /home/michael/ecen5139_final_project/hdl_ad7511_fork/projects/adv7511/zed/adv7511_zed.sdk/system_top.hdf into /system_top_hw_platform_0/system.hdf.
17:00:37 INFO  : Synchronizing projects in the workspace with the hardware platform specification changes.
17:00:44 INFO  : 
17:00:46 INFO  : Updating hardware inferred compiler options for fsbl.
17:00:46 INFO  : Clearing existing target manager status.
17:00:47 INFO  : Copied contents of /home/michael/ecen5139_final_project/hdl_ad7511_fork/projects/adv7511/zed/adv7511_zed.sdk/system_top_hw_platform_0/ps7_init.html into /fsbl/src/ps7_init.html.
17:00:47 INFO  : Copied contents of /home/michael/ecen5139_final_project/hdl_ad7511_fork/projects/adv7511/zed/adv7511_zed.sdk/system_top_hw_platform_0/ps7_init.tcl into /fsbl/src/ps7_init.tcl.
17:00:47 INFO  : Closing and re-opening the MSS file of ther project fsbl_bsp
17:00:50 INFO  : Workspace synchronized with the new hardware specification file. Cleaning dependent projects...
17:02:15 INFO  : Invoking Bootgen: bootgen -image fsbl.bif -o i /home/michael/ecen5139_final_project/bitstreams/midtermPriorityQueueVerilog/midtermPriorityQueueVerilog_BOOT.bin -w on
17:02:16 INFO  : Bootgen command execution is done.
17:02:24 ERROR : Unexpected error while parsing XMD response ￿: com.google.gson.JsonSyntaxException: com.google.gson.stream.MalformedJsonException: invalid number or unquoted string near 
