#-----------------------------------------------------------
# Vivado v2014.2 (64-bit)
# SW Build 932637 on Wed Jun 11 13:08:52 MDT 2014
# IP Build 924643 on Fri May 30 09:20:16 MDT 2014
# Start of session at: Tue Dec  1 21:50:47 2015
# Process ID: 8353
# Log file: /home/michael/ecen5139_final_project/hdl_ad7511_fork/projects/adv7511/zed/vivado.log
# Journal file: /home/michael/ecen5139_final_project/hdl_ad7511_fork/projects/adv7511/zed/vivado.jou
#-----------------------------------------------------------
start_gui
open_project adv7511_zed.xpr
CRITICAL WARNING: [Board 49-4] Problem parsing board_part file - /Xilinx/Vivado/2014.2/data/boards/board_parts/zynq/zc706/1.0/board_part.xml, The board part 'xc7z045ffg900-2' is either not supported or invalid.
CRITICAL WARNING: [Board 49-4] Problem parsing board_part file - /Xilinx/Vivado/2014.2/data/boards/board_parts/zynq/zc706/0.9/board_part.xml, The board part 'xc7z045ffg900-2' is either not supported or invalid.
CRITICAL WARNING: [Board 49-4] Problem parsing board_part file - /Xilinx/Vivado/2014.2/data/boards/board_parts/kintex7/kc705/1.0/board_part.xml, The board part 'xc7k325tffg900-2' is either not supported or invalid.
CRITICAL WARNING: [Board 49-4] Problem parsing board_part file - /Xilinx/Vivado/2014.2/data/boards/board_parts/kintex7/kc705/0.9/board_part.xml, The board part 'xc7k325tffg900-2' is either not supported or invalid.
Scanning sources...
Finished scanning sources
WARNING: [filemgmt 20-1763] Vivado Synthesis ignores library specification for Verilog or SystemVerilog files. [/home/michael/ecen5139_final_project/hdl_ad7511_fork/projects/adv7511/zed/adv7511_zed.srcs/sources_1/imports/hdl/system_wrapper.v]
WARNING: [filemgmt 20-1763] Vivado Synthesis ignores library specification for Verilog or SystemVerilog files. [/home/michael/ecen5139_final_project/hdl_ad7511_fork/library/common/ad_iobuf.v]
WARNING: [filemgmt 20-1763] Vivado Synthesis ignores library specification for Verilog or SystemVerilog files. [/home/michael/ecen5139_final_project/hdl_ad7511_fork/projects/adv7511/zed/system_top.v]
INFO: [IP_Flow 19-234] Refreshing IP repositories
INFO: [IP_Flow 19-1700] Loaded user IP repository '/home/michael/ecen5139_final_project/hdl_ad7511_fork/library'.
INFO: [IP_Flow 19-1700] Loaded user IP repository '/home/michael/ecen5139_final_project/CAV_Midterm_PriorityQueue'.
INFO: [IP_Flow 19-1700] Loaded user IP repository '/home/michael/ecen5139_final_project/CAV_MinHeap'.
INFO: [IP_Flow 19-1700] Loaded user IP repository '/Xilinx/xapp1173/VHLS_proj'.
INFO: [IP_Flow 19-1700] Loaded user IP repository '/Xilinx/hdl/library'.
INFO: [IP_Flow 19-2313] Loaded Vivado IP repository '/Xilinx/Vivado/2014.2/data/ip'.
CRITICAL WARNING: [IP_Flow 19-1663] Duplicate IP found for 'analog.com:user:ip_pid_controller:1.0'. The one found in IP location '/home/michael/ecen5139_final_project/hdl_ad7511_fork/library/ip_pid_controller' will take precedence over the same IP in location /Xilinx/hdl/library/ip_pid_controller
open_project: Time (s): cpu = 00:00:21 ; elapsed = 00:00:10 . Memory (MB): peak = 4723.113 ; gain = 186.652
open_bd_design {/home/michael/ecen5139_final_project/hdl_ad7511_fork/projects/adv7511/zed/adv7511_zed.srcs/sources_1/bd/system/system.bd}
Adding component instance block -- xilinx.com:ip:processing_system7:5.4 - sys_ps7
Adding component instance block -- xilinx.com:ip:axi_iic:2.0 - axi_iic_main
Adding component instance block -- analog.com:user:util_i2c_mixer:1.0 - sys_i2c_mixer
Adding component instance block -- xilinx.com:ip:xlconcat:2.1 - sys_concat_intc
Adding component instance block -- xilinx.com:ip:proc_sys_reset:5.0 - sys_rstgen
Adding component instance block -- xilinx.com:ip:util_vector_logic:1.0 - sys_logic_inv
Adding component instance block -- analog.com:user:axi_clkgen:1.0 - axi_hdmi_clkgen
Adding component instance block -- analog.com:user:axi_hdmi_tx:1.0 - axi_hdmi_core
Adding component instance block -- xilinx.com:ip:axi_vdma:6.2 - axi_hdmi_dma
Adding component instance block -- xilinx.com:ip:clk_wiz:5.1 - sys_audio_clkgen
Adding component instance block -- analog.com:user:axi_spdif_tx:1.0 - axi_spdif_tx_core
Adding component instance block -- analog.com:user:axi_i2s_adi:1.0 - axi_i2s_adi
Adding component instance block -- xilinx.com:ip:axi_iic:2.0 - axi_iic_fmc
Adding component instance block -- xilinx.com:hls:runQueue:1.0 - runQueue_0
Adding component instance block -- xilinx.com:ip:axi_crossbar:2.1 - xbar
Adding component instance block -- xilinx.com:ip:axi_protocol_converter:2.1 - auto_pc
Adding component instance block -- xilinx.com:ip:axi_protocol_converter:2.1 - auto_pc
Adding component instance block -- xilinx.com:ip:axi_crossbar:2.1 - xbar
Adding component instance block -- xilinx.com:ip:axi_protocol_converter:2.1 - auto_pc
Successfully read diagram <system> from BD file </home/michael/ecen5139_final_project/hdl_ad7511_fork/projects/adv7511/zed/adv7511_zed.srcs/sources_1/bd/system/system.bd>
open_bd_design: Time (s): cpu = 00:00:32 ; elapsed = 00:00:15 . Memory (MB): peak = 5144.816 ; gain = 351.684
set_property ip_repo_paths  {/home/michael/ecen5139_final_project/hdl_ad7511_fork/library /home/michael/ecen5139_final_project/CAV_MinHeap /Xilinx/xapp1173/VHLS_proj /Xilinx/hdl/library} [current_fileset]
update_ip_catalog
INFO: [IP_Flow 19-234] Refreshing IP repositories
INFO: [IP_Flow 19-1700] Loaded user IP repository '/home/michael/ecen5139_final_project/hdl_ad7511_fork/library'.
INFO: [IP_Flow 19-1700] Loaded user IP repository '/home/michael/ecen5139_final_project/CAV_MinHeap'.
INFO: [IP_Flow 19-1700] Loaded user IP repository '/Xilinx/xapp1173/VHLS_proj'.
INFO: [IP_Flow 19-1700] Loaded user IP repository '/Xilinx/hdl/library'.
CRITICAL WARNING: [IP_Flow 19-1663] Duplicate IP found for 'analog.com:user:ip_pid_controller:1.0'. The one found in IP location '/home/michael/ecen5139_final_project/hdl_ad7511_fork/library/ip_pid_controller' will take precedence over the same IP in location /Xilinx/hdl/library/ip_pid_controller
delete_bd_objs [get_bd_intf_nets axi_cpu_interconnect_M07_AXI] [get_bd_cells runQueue_0]
update_ip_catalog -rebuild -repo_path /home/michael/ecen5139_final_project/CAV_MinHeap
INFO: [IP_Flow 19-725] Reloaded user IP repository '/home/michael/ecen5139_final_project/CAV_MinHeap'
CRITICAL WARNING: [IP_Flow 19-1663] Duplicate IP found for 'analog.com:user:ip_pid_controller:1.0'. The one found in IP location '/home/michael/ecen5139_final_project/hdl_ad7511_fork/library/ip_pid_controller' will take precedence over the same IP in location /Xilinx/hdl/library/ip_pid_controller
startgroup
create_bd_cell -type ip -vlnv xilinx.com:hls:runQueue:1.0 runQueue_0
WARNING: [IP_Flow 19-3816] IP 'system_runQueue_0_1' has the same version but different revision to another IP in the project. This may lead to errors during synthesis or simulation. Please select 'Report IP Status' from the 'Tools/Report' menu for more information.
endgroup
apply_bd_automation -rule xilinx.com:bd_rule:axi4 -config {Master "/sys_ps7/M_AXI_GP0" Clk "Auto" }  [get_bd_intf_pins runQueue_0/S_AXI_AXI4LITES]
</runQueue_0/S_AXI_AXI4LITES/Reg> is being mapped into </sys_ps7/Data> at <0x43C00000[ 64K ]>
regenerate_bd_layout
save_bd_design
Wrote  : </home/michael/ecen5139_final_project/hdl_ad7511_fork/projects/adv7511/zed/adv7511_zed.srcs/sources_1/bd/system/system.bd> 
reset_run synth_1
launch_runs impl_1 -to_step write_bitstream
INFO: [BD 41-237] Bus Interface property NUM_READ_OUTSTANDING does not match between /sys_ps7/S_AXI_HP0(8) and /axi_hdmi_interconnect/s00_couplers/auto_pc/M_AXI(2)
INFO: [BD 41-237] Bus Interface property READ_WRITE_MODE does not match between /sys_ps7/S_AXI_HP0(READ_WRITE) and /axi_hdmi_interconnect/s00_couplers/auto_pc/M_AXI(READ_ONLY)
Exporting to file /home/michael/ecen5139_final_project/hdl_ad7511_fork/projects/adv7511/zed/adv7511_zed.srcs/sources_1/bd/system/hw_handoff/system.hwh
WARNING: [BD 41-235] Width mismatch when connecting pin: '/sys_ps7/S_AXI_HP1_AWID'(6) to net 'axi_mem_intercon_M00_AXI_AWID'(1) - Only lower order bits will be connected.
WARNING: [BD 41-235] Width mismatch when connecting pin: '/axi_mem_intercon/M00_AXI_rid'(1) to net 'axi_mem_intercon_M00_AXI_RID'(6) - Only lower order bits will be connected.
WARNING: [BD 41-235] Width mismatch when connecting pin: '/axi_mem_intercon/M00_AXI_bid'(1) to net 'axi_mem_intercon_M00_AXI_BID'(6) - Only lower order bits will be connected.
WARNING: [BD 41-235] Width mismatch when connecting pin: '/sys_ps7/S_AXI_HP1_ARID'(6) to net 'axi_mem_intercon_M00_AXI_ARID'(1) - Only lower order bits will be connected.
WARNING: [BD 41-235] Width mismatch when connecting pin: '/sys_ps7/S_AXI_HP1_WID'(6) to net 'axi_mem_intercon_M00_AXI_WID'(1) - Only lower order bits will be connected.
Verilog Output written to : system.v
Verilog Output written to : system_wrapper.v
Wrote  : </home/michael/ecen5139_final_project/hdl_ad7511_fork/projects/adv7511/zed/adv7511_zed.srcs/sources_1/bd/system/system.bd> 
INFO: [IP_Flow 19-1706] Not generating 'Synthesis' target for IP 'system_sys_ps7_0'. Target already exists and is up to date.
INFO: [BD 41-1029] Generation completed for the IP Integrator block sys_ps7 .
INFO: [IP_Flow 19-1706] Not generating 'Synthesis' target for IP 'system_axi_iic_main_0'. Target already exists and is up to date.
INFO: [BD 41-1029] Generation completed for the IP Integrator block axi_iic_main .
INFO: [IP_Flow 19-1706] Not generating 'Synthesis' target for IP 'system_sys_i2c_mixer_0'. Target already exists and is up to date.
INFO: [BD 41-1029] Generation completed for the IP Integrator block sys_i2c_mixer .
INFO: [IP_Flow 19-1706] Not generating 'Synthesis' target for IP 'system_sys_concat_intc_0'. Target already exists and is up to date.
INFO: [BD 41-1029] Generation completed for the IP Integrator block sys_concat_intc .
INFO: [IP_Flow 19-1706] Not generating 'Synthesis' target for IP 'system_xbar_0'. Target already exists and is up to date.
INFO: [BD 41-1029] Generation completed for the IP Integrator block axi_cpu_interconnect/xbar .
INFO: [IP_Flow 19-1706] Not generating 'Synthesis' target for IP 'system_sys_rstgen_0'. Target already exists and is up to date.
INFO: [BD 41-1029] Generation completed for the IP Integrator block sys_rstgen .
INFO: [IP_Flow 19-1706] Not generating 'Synthesis' target for IP 'system_sys_logic_inv_0'. Target already exists and is up to date.
INFO: [BD 41-1029] Generation completed for the IP Integrator block sys_logic_inv .
INFO: [IP_Flow 19-1706] Not generating 'Synthesis' target for IP 'system_axi_hdmi_clkgen_0'. Target already exists and is up to date.
INFO: [BD 41-1029] Generation completed for the IP Integrator block axi_hdmi_clkgen .
INFO: [IP_Flow 19-1706] Not generating 'Synthesis' target for IP 'system_axi_hdmi_core_0'. Target already exists and is up to date.
INFO: [BD 41-1029] Generation completed for the IP Integrator block axi_hdmi_core .
INFO: [IP_Flow 19-1706] Not generating 'Synthesis' target for IP 'system_axi_hdmi_dma_0'. Target already exists and is up to date.
INFO: [BD 41-1029] Generation completed for the IP Integrator block axi_hdmi_dma .
INFO: [IP_Flow 19-1706] Not generating 'Synthesis' target for IP 'system_sys_audio_clkgen_0'. Target already exists and is up to date.
INFO: [BD 41-1029] Generation completed for the IP Integrator block sys_audio_clkgen .
INFO: [IP_Flow 19-1706] Not generating 'Synthesis' target for IP 'system_axi_spdif_tx_core_0'. Target already exists and is up to date.
INFO: [BD 41-1029] Generation completed for the IP Integrator block axi_spdif_tx_core .
INFO: [IP_Flow 19-1706] Not generating 'Synthesis' target for IP 'system_axi_i2s_adi_0'. Target already exists and is up to date.
INFO: [BD 41-1029] Generation completed for the IP Integrator block axi_i2s_adi .
INFO: [IP_Flow 19-1706] Not generating 'Synthesis' target for IP 'system_axi_iic_fmc_0'. Target already exists and is up to date.
INFO: [BD 41-1029] Generation completed for the IP Integrator block axi_iic_fmc .
INFO: [IP_Flow 19-1706] Not generating 'Synthesis' target for IP 'system_xbar_1'. Target already exists and is up to date.
INFO: [BD 41-1029] Generation completed for the IP Integrator block axi_mem_intercon/xbar .
INFO: [IP_Flow 19-1686] Generating 'Synthesis' target for IP 'system_runQueue_0_1'...
INFO: [BD 41-1029] Generation completed for the IP Integrator block runQueue_0 .
INFO: [IP_Flow 19-1686] Generating 'Synthesis' target for IP 'system_auto_pc_0'...
INFO: [IP_Flow 19-616] The current project language is set to Verilog. However the IP definition 'xilinx.com:ip:fifo_generator:12.0' does not support 'Verilog Synthesis' output products, delivering 'VHDL Synthesis' output products instead.
INFO: [IP_Flow 19-616] The current project language is set to Verilog. However the IP definition 'xilinx.com:ip:blk_mem_gen:8.2' does not support 'Verilog Synthesis' output products, delivering 'VHDL Synthesis' output products instead.
INFO: [BD 41-1029] Generation completed for the IP Integrator block axi_cpu_interconnect/s00_couplers/auto_pc .
INFO: [IP_Flow 19-1686] Generating 'Synthesis' target for IP 'system_auto_pc_1'...
INFO: [IP_Flow 19-616] The current project language is set to Verilog. However the IP definition 'xilinx.com:ip:fifo_generator:12.0' does not support 'Verilog Synthesis' output products, delivering 'VHDL Synthesis' output products instead.
INFO: [IP_Flow 19-616] The current project language is set to Verilog. However the IP definition 'xilinx.com:ip:blk_mem_gen:8.2' does not support 'Verilog Synthesis' output products, delivering 'VHDL Synthesis' output products instead.
INFO: [BD 41-1029] Generation completed for the IP Integrator block axi_hdmi_interconnect/s00_couplers/auto_pc .
INFO: [IP_Flow 19-1686] Generating 'Synthesis' target for IP 'system_auto_pc_2'...
INFO: [IP_Flow 19-616] The current project language is set to Verilog. However the IP definition 'xilinx.com:ip:fifo_generator:12.0' does not support 'Verilog Synthesis' output products, delivering 'VHDL Synthesis' output products instead.
INFO: [IP_Flow 19-616] The current project language is set to Verilog. However the IP definition 'xilinx.com:ip:blk_mem_gen:8.2' does not support 'Verilog Synthesis' output products, delivering 'VHDL Synthesis' output products instead.
INFO: [BD 41-1029] Generation completed for the IP Integrator block axi_mem_intercon/m00_couplers/auto_pc .
INFO: [BD 41-1029] Generation completed for the IP Integrator block sys_ps7 .
INFO: [BD 41-1029] Generation completed for the IP Integrator block axi_iic_main .
INFO: [BD 41-1029] Generation completed for the IP Integrator block sys_i2c_mixer .
INFO: [BD 41-1029] Generation completed for the IP Integrator block sys_concat_intc .
INFO: [BD 41-1029] Generation completed for the IP Integrator block axi_cpu_interconnect/xbar .
INFO: [BD 41-1029] Generation completed for the IP Integrator block sys_rstgen .
INFO: [BD 41-1029] Generation completed for the IP Integrator block sys_logic_inv .
INFO: [BD 41-1029] Generation completed for the IP Integrator block axi_hdmi_clkgen .
INFO: [BD 41-1029] Generation completed for the IP Integrator block axi_hdmi_core .
INFO: [BD 41-1029] Generation completed for the IP Integrator block axi_hdmi_dma .
INFO: [BD 41-1029] Generation completed for the IP Integrator block sys_audio_clkgen .
INFO: [BD 41-1029] Generation completed for the IP Integrator block axi_spdif_tx_core .
INFO: [BD 41-1029] Generation completed for the IP Integrator block axi_i2s_adi .
INFO: [BD 41-1029] Generation completed for the IP Integrator block axi_iic_fmc .
INFO: [BD 41-1029] Generation completed for the IP Integrator block axi_mem_intercon/xbar .
INFO: [BD 41-1029] Generation completed for the IP Integrator block runQueue_0 .
INFO: [BD 41-1029] Generation completed for the IP Integrator block axi_cpu_interconnect/s00_couplers/auto_pc .
INFO: [BD 41-1029] Generation completed for the IP Integrator block axi_hdmi_interconnect/s00_couplers/auto_pc .
INFO: [BD 41-1029] Generation completed for the IP Integrator block axi_mem_intercon/m00_couplers/auto_pc .
INFO: [filemgmt 20-1763] Vivado Synthesis ignores library specification for Verilog or SystemVerilog files. [/home/michael/ecen5139_final_project/hdl_ad7511_fork/projects/adv7511/zed/adv7511_zed.srcs/sources_1/imports/hdl/system_wrapper.v]
INFO: [filemgmt 20-1763] Vivado Synthesis ignores library specification for Verilog or SystemVerilog files. [/home/michael/ecen5139_final_project/hdl_ad7511_fork/library/common/ad_iobuf.v]
INFO: [filemgmt 20-1763] Vivado Synthesis ignores library specification for Verilog or SystemVerilog files. [/home/michael/ecen5139_final_project/hdl_ad7511_fork/projects/adv7511/zed/system_top.v]
INFO: [Memdata 28-152] Did  not create MIG processor data. /home/michael/ecen5139_final_project/hdl_ad7511_fork/projects/adv7511/zed/adv7511_zed.srcs/sources_1/bd/system/ip/system_sys_ps7_0/system_sys_ps7_0.xci
INFO: [Memdata 28-152] Did  not create MIG processor data. /home/michael/ecen5139_final_project/hdl_ad7511_fork/projects/adv7511/zed/adv7511_zed.srcs/sources_1/bd/system/ip/system_axi_iic_main_0/system_axi_iic_main_0.xci
INFO: [Memdata 28-152] Did  not create MIG processor data. /home/michael/ecen5139_final_project/hdl_ad7511_fork/projects/adv7511/zed/adv7511_zed.srcs/sources_1/bd/system/ip/system_sys_i2c_mixer_0/system_sys_i2c_mixer_0.xci
INFO: [Memdata 28-152] Did  not create MIG processor data. /home/michael/ecen5139_final_project/hdl_ad7511_fork/projects/adv7511/zed/adv7511_zed.srcs/sources_1/bd/system/ip/system_sys_concat_intc_0/system_sys_concat_intc_0.xci
INFO: [Memdata 28-152] Did  not create MIG processor data. /home/michael/ecen5139_final_project/hdl_ad7511_fork/projects/adv7511/zed/adv7511_zed.srcs/sources_1/bd/system/ip/system_axi_cpu_interconnect_0/system_axi_cpu_interconnect_0.xci
INFO: [Memdata 28-152] Did  not create MIG processor data. /home/michael/ecen5139_final_project/hdl_ad7511_fork/projects/adv7511/zed/adv7511_zed.srcs/sources_1/bd/system/ip/system_xbar_0/system_xbar_0.xci
INFO: [Memdata 28-152] Did  not create MIG processor data. /home/michael/ecen5139_final_project/hdl_ad7511_fork/projects/adv7511/zed/adv7511_zed.srcs/sources_1/bd/system/ip/system_sys_rstgen_0/system_sys_rstgen_0.xci
INFO: [Memdata 28-152] Did  not create MIG processor data. /home/michael/ecen5139_final_project/hdl_ad7511_fork/projects/adv7511/zed/adv7511_zed.srcs/sources_1/bd/system/ip/system_sys_logic_inv_0/system_sys_logic_inv_0.xci
INFO: [Memdata 28-152] Did  not create MIG processor data. /home/michael/ecen5139_final_project/hdl_ad7511_fork/projects/adv7511/zed/adv7511_zed.srcs/sources_1/bd/system/ip/system_axi_hdmi_clkgen_0/system_axi_hdmi_clkgen_0.xci
INFO: [Memdata 28-152] Did  not create MIG processor data. /home/michael/ecen5139_final_project/hdl_ad7511_fork/projects/adv7511/zed/adv7511_zed.srcs/sources_1/bd/system/ip/system_axi_hdmi_core_0/system_axi_hdmi_core_0.xci
INFO: [Memdata 28-152] Did  not create MIG processor data. /home/michael/ecen5139_final_project/hdl_ad7511_fork/projects/adv7511/zed/adv7511_zed.srcs/sources_1/bd/system/ip/system_axi_hdmi_dma_0/system_axi_hdmi_dma_0.xci
INFO: [Memdata 28-152] Did  not create MIG processor data. /home/michael/ecen5139_final_project/hdl_ad7511_fork/projects/adv7511/zed/adv7511_zed.srcs/sources_1/bd/system/ip/system_axi_hdmi_interconnect_0/system_axi_hdmi_interconnect_0.xci
INFO: [Memdata 28-152] Did  not create MIG processor data. /home/michael/ecen5139_final_project/hdl_ad7511_fork/projects/adv7511/zed/adv7511_zed.srcs/sources_1/bd/system/ip/system_sys_audio_clkgen_0/system_sys_audio_clkgen_0.xci
INFO: [Memdata 28-152] Did  not create MIG processor data. /home/michael/ecen5139_final_project/hdl_ad7511_fork/projects/adv7511/zed/adv7511_zed.srcs/sources_1/bd/system/ip/system_axi_spdif_tx_core_0/system_axi_spdif_tx_core_0.xci
INFO: [Memdata 28-152] Did  not create MIG processor data. /home/michael/ecen5139_final_project/hdl_ad7511_fork/projects/adv7511/zed/adv7511_zed.srcs/sources_1/bd/system/ip/system_axi_i2s_adi_0/system_axi_i2s_adi_0.xci
INFO: [Memdata 28-152] Did  not create MIG processor data. /home/michael/ecen5139_final_project/hdl_ad7511_fork/projects/adv7511/zed/adv7511_zed.srcs/sources_1/bd/system/ip/system_axi_iic_fmc_0/system_axi_iic_fmc_0.xci
INFO: [Memdata 28-152] Did  not create MIG processor data. /home/michael/ecen5139_final_project/hdl_ad7511_fork/projects/adv7511/zed/adv7511_zed.srcs/sources_1/bd/system/ip/system_axi_mem_intercon_0/system_axi_mem_intercon_0.xci
INFO: [Memdata 28-152] Did  not create MIG processor data. /home/michael/ecen5139_final_project/hdl_ad7511_fork/projects/adv7511/zed/adv7511_zed.srcs/sources_1/bd/system/ip/system_xbar_1/system_xbar_1.xci
INFO: [Memdata 28-152] Did  not create MIG processor data. /home/michael/ecen5139_final_project/hdl_ad7511_fork/projects/adv7511/zed/adv7511_zed.srcs/sources_1/bd/system/ip/system_runQueue_0_1/system_runQueue_0_1.xci
INFO: [Memdata 28-152] Did  not create MIG processor data. /home/michael/ecen5139_final_project/hdl_ad7511_fork/projects/adv7511/zed/adv7511_zed.srcs/sources_1/bd/system/ip/system_auto_pc_0/system_auto_pc_0.xci
INFO: [Memdata 28-152] Did  not create MIG processor data. /home/michael/ecen5139_final_project/hdl_ad7511_fork/projects/adv7511/zed/adv7511_zed.srcs/sources_1/bd/system/ip/system_auto_pc_1/system_auto_pc_1.xci
INFO: [Memdata 28-152] Did  not create MIG processor data. /home/michael/ecen5139_final_project/hdl_ad7511_fork/projects/adv7511/zed/adv7511_zed.srcs/sources_1/bd/system/ip/system_auto_pc_2/system_auto_pc_2.xci
INFO: [Memdata 28-152] Did  not create MIG processor data. /home/michael/ecen5139_final_project/hdl_ad7511_fork/projects/adv7511/zed/adv7511_zed.srcs/sources_1/bd/system/ip/system_sys_ps7_0/system_sys_ps7_0.xci
INFO: [Memdata 28-152] Did  not create MIG processor data. /home/michael/ecen5139_final_project/hdl_ad7511_fork/projects/adv7511/zed/adv7511_zed.srcs/sources_1/bd/system/ip/system_axi_iic_main_0/system_axi_iic_main_0.xci
INFO: [Memdata 28-152] Did  not create MIG processor data. /home/michael/ecen5139_final_project/hdl_ad7511_fork/projects/adv7511/zed/adv7511_zed.srcs/sources_1/bd/system/ip/system_sys_i2c_mixer_0/system_sys_i2c_mixer_0.xci
INFO: [Memdata 28-152] Did  not create MIG processor data. /home/michael/ecen5139_final_project/hdl_ad7511_fork/projects/adv7511/zed/adv7511_zed.srcs/sources_1/bd/system/ip/system_sys_concat_intc_0/system_sys_concat_intc_0.xci
INFO: [Memdata 28-152] Did  not create MIG processor data. /home/michael/ecen5139_final_project/hdl_ad7511_fork/projects/adv7511/zed/adv7511_zed.srcs/sources_1/bd/system/ip/system_axi_cpu_interconnect_0/system_axi_cpu_interconnect_0.xci
INFO: [Memdata 28-152] Did  not create MIG processor data. /home/michael/ecen5139_final_project/hdl_ad7511_fork/projects/adv7511/zed/adv7511_zed.srcs/sources_1/bd/system/ip/system_xbar_0/system_xbar_0.xci
INFO: [Memdata 28-152] Did  not create MIG processor data. /home/michael/ecen5139_final_project/hdl_ad7511_fork/projects/adv7511/zed/adv7511_zed.srcs/sources_1/bd/system/ip/system_sys_rstgen_0/system_sys_rstgen_0.xci
INFO: [Memdata 28-152] Did  not create MIG processor data. /home/michael/ecen5139_final_project/hdl_ad7511_fork/projects/adv7511/zed/adv7511_zed.srcs/sources_1/bd/system/ip/system_sys_logic_inv_0/system_sys_logic_inv_0.xci
INFO: [Memdata 28-152] Did  not create MIG processor data. /home/michael/ecen5139_final_project/hdl_ad7511_fork/projects/adv7511/zed/adv7511_zed.srcs/sources_1/bd/system/ip/system_axi_hdmi_clkgen_0/system_axi_hdmi_clkgen_0.xci
INFO: [Memdata 28-152] Did  not create MIG processor data. /home/michael/ecen5139_final_project/hdl_ad7511_fork/projects/adv7511/zed/adv7511_zed.srcs/sources_1/bd/system/ip/system_axi_hdmi_core_0/system_axi_hdmi_core_0.xci
INFO: [Memdata 28-152] Did  not create MIG processor data. /home/michael/ecen5139_final_project/hdl_ad7511_fork/projects/adv7511/zed/adv7511_zed.srcs/sources_1/bd/system/ip/system_axi_hdmi_dma_0/system_axi_hdmi_dma_0.xci
INFO: [Memdata 28-152] Did  not create MIG processor data. /home/michael/ecen5139_final_project/hdl_ad7511_fork/projects/adv7511/zed/adv7511_zed.srcs/sources_1/bd/system/ip/system_axi_hdmi_interconnect_0/system_axi_hdmi_interconnect_0.xci
INFO: [Memdata 28-152] Did  not create MIG processor data. /home/michael/ecen5139_final_project/hdl_ad7511_fork/projects/adv7511/zed/adv7511_zed.srcs/sources_1/bd/system/ip/system_sys_audio_clkgen_0/system_sys_audio_clkgen_0.xci
INFO: [Memdata 28-152] Did  not create MIG processor data. /home/michael/ecen5139_final_project/hdl_ad7511_fork/projects/adv7511/zed/adv7511_zed.srcs/sources_1/bd/system/ip/system_axi_spdif_tx_core_0/system_axi_spdif_tx_core_0.xci
INFO: [Memdata 28-152] Did  not create MIG processor data. /home/michael/ecen5139_final_project/hdl_ad7511_fork/projects/adv7511/zed/adv7511_zed.srcs/sources_1/bd/system/ip/system_axi_i2s_adi_0/system_axi_i2s_adi_0.xci
INFO: [Memdata 28-152] Did  not create MIG processor data. /home/michael/ecen5139_final_project/hdl_ad7511_fork/projects/adv7511/zed/adv7511_zed.srcs/sources_1/bd/system/ip/system_axi_iic_fmc_0/system_axi_iic_fmc_0.xci
INFO: [Memdata 28-152] Did  not create MIG processor data. /home/michael/ecen5139_final_project/hdl_ad7511_fork/projects/adv7511/zed/adv7511_zed.srcs/sources_1/bd/system/ip/system_axi_mem_intercon_0/system_axi_mem_intercon_0.xci
INFO: [Memdata 28-152] Did  not create MIG processor data. /home/michael/ecen5139_final_project/hdl_ad7511_fork/projects/adv7511/zed/adv7511_zed.srcs/sources_1/bd/system/ip/system_xbar_1/system_xbar_1.xci
INFO: [Memdata 28-152] Did  not create MIG processor data. /home/michael/ecen5139_final_project/hdl_ad7511_fork/projects/adv7511/zed/adv7511_zed.srcs/sources_1/bd/system/ip/system_runQueue_0_1/system_runQueue_0_1.xci
INFO: [Memdata 28-152] Did  not create MIG processor data. /home/michael/ecen5139_final_project/hdl_ad7511_fork/projects/adv7511/zed/adv7511_zed.srcs/sources_1/bd/system/ip/system_auto_pc_0/system_auto_pc_0.xci
INFO: [Memdata 28-152] Did  not create MIG processor data. /home/michael/ecen5139_final_project/hdl_ad7511_fork/projects/adv7511/zed/adv7511_zed.srcs/sources_1/bd/system/ip/system_auto_pc_1/system_auto_pc_1.xci
INFO: [Memdata 28-152] Did  not create MIG processor data. /home/michael/ecen5139_final_project/hdl_ad7511_fork/projects/adv7511/zed/adv7511_zed.srcs/sources_1/bd/system/ip/system_auto_pc_2/system_auto_pc_2.xci
[Tue Dec  1 22:57:33 2015] Launched synth_1...
Run output will be captured here: /home/michael/ecen5139_final_project/hdl_ad7511_fork/projects/adv7511/zed/adv7511_zed.runs/synth_1/runme.log
[Tue Dec  1 22:57:33 2015] Launched impl_1...
Run output will be captured here: /home/michael/ecen5139_final_project/hdl_ad7511_fork/projects/adv7511/zed/adv7511_zed.runs/impl_1/runme.log
launch_runs: Time (s): cpu = 00:00:20 ; elapsed = 00:00:20 . Memory (MB): peak = 5152.410 ; gain = 0.000
open_run impl_1
INFO: [Netlist 29-17] Analyzing 458 Unisim elements for replacement
INFO: [Netlist 29-28] Unisim Transformation completed in 0 CPU seconds
INFO: [Project 1-479] Netlist was created with Vivado 2014.2
Loading clock regions from /Xilinx/Vivado/2014.2/data/parts/xilinx/zynq/zynq/xc7z020/ClockRegion.xml
Loading clock buffers from /Xilinx/Vivado/2014.2/data/parts/xilinx/zynq/zynq/xc7z020/ClockBuffers.xml
Loading clock placement rules from /Xilinx/Vivado/2014.2/data/parts/xilinx/zynq/ClockPlacerRules.xml
Loading package pin functions from /Xilinx/Vivado/2014.2/data/parts/xilinx/zynq/PinFunctions.xml...
Loading package from /Xilinx/Vivado/2014.2/data/parts/xilinx/zynq/zynq/xc7z020/clg484/Package.xml
Loading io standards from /Xilinx/Vivado/2014.2/data/./parts/xilinx/zynq/IOStandards.xml
Parsing XDC File [/home/michael/ecen5139_final_project/hdl_ad7511_fork/projects/adv7511/zed/.Xil/Vivado-8353-ubuntu-xilinx-2014/dcp/system_top_early.xdc]
INFO: [Timing 38-35] Done setting XDC timing constraints. [/home/michael/ecen5139_final_project/hdl_ad7511_fork/projects/adv7511/zed/adv7511_zed.srcs/sources_1/ipshared/analog.com/axi_hdmi_tx_v1_0/008f4d65/axi_hdmi_tx_constr.xdc:2]
INFO: [Timing 38-2] Deriving generated clocks [/home/michael/ecen5139_final_project/hdl_ad7511_fork/projects/adv7511/zed/adv7511_zed.srcs/sources_1/ipshared/analog.com/axi_hdmi_tx_v1_0/008f4d65/axi_hdmi_tx_constr.xdc:2]
get_clocks: Time (s): cpu = 00:00:09 ; elapsed = 00:00:09 . Memory (MB): peak = 5575.789 ; gain = 384.496
INFO: [Timing 38-2] Deriving generated clocks [/home/michael/ecen5139_final_project/hdl_ad7511_fork/projects/adv7511/zed/adv7511_zed.srcs/sources_1/bd/system/ip/system_sys_audio_clkgen_0/system_sys_audio_clkgen_0.xdc:56]
Finished Parsing XDC File [/home/michael/ecen5139_final_project/hdl_ad7511_fork/projects/adv7511/zed/.Xil/Vivado-8353-ubuntu-xilinx-2014/dcp/system_top_early.xdc]
Parsing XDC File [/home/michael/ecen5139_final_project/hdl_ad7511_fork/projects/adv7511/zed/.Xil/Vivado-8353-ubuntu-xilinx-2014/dcp/system_top.xdc]
Finished Parsing XDC File [/home/michael/ecen5139_final_project/hdl_ad7511_fork/projects/adv7511/zed/.Xil/Vivado-8353-ubuntu-xilinx-2014/dcp/system_top.xdc]
Parsing XDC File [/home/michael/ecen5139_final_project/hdl_ad7511_fork/projects/adv7511/zed/.Xil/Vivado-8353-ubuntu-xilinx-2014/dcp/system_top_late.xdc]
Finished Parsing XDC File [/home/michael/ecen5139_final_project/hdl_ad7511_fork/projects/adv7511/zed/.Xil/Vivado-8353-ubuntu-xilinx-2014/dcp/system_top_late.xdc]
Reading XDEF placement.
Reading XDEF routing.
Read XDEF File: Time (s): cpu = 00:00:00.52 ; elapsed = 00:00:00.54 . Memory (MB): peak = 5580.789 ; gain = 4.996
Restoring placement.
Restored 2624 out of 2624 XDEF sites from archive | CPU: 1.860000 secs | Memory: 19.338242 MB |
INFO: [Opt 31-138] Pushed 0 inverter(s) to 0 load pin(s).
INFO: [Memdata 28-152] Did  not create MIG processor data. /home/michael/ecen5139_final_project/hdl_ad7511_fork/projects/adv7511/zed/adv7511_zed.srcs/sources_1/bd/system/ip/system_sys_ps7_0/system_sys_ps7_0.xci
INFO: [Memdata 28-152] Did  not create MIG processor data. /home/michael/ecen5139_final_project/hdl_ad7511_fork/projects/adv7511/zed/adv7511_zed.srcs/sources_1/bd/system/ip/system_axi_iic_main_0/system_axi_iic_main_0.xci
INFO: [Memdata 28-152] Did  not create MIG processor data. /home/michael/ecen5139_final_project/hdl_ad7511_fork/projects/adv7511/zed/adv7511_zed.srcs/sources_1/bd/system/ip/system_sys_i2c_mixer_0/system_sys_i2c_mixer_0.xci
INFO: [Memdata 28-152] Did  not create MIG processor data. /home/michael/ecen5139_final_project/hdl_ad7511_fork/projects/adv7511/zed/adv7511_zed.srcs/sources_1/bd/system/ip/system_sys_concat_intc_0/system_sys_concat_intc_0.xci
INFO: [Memdata 28-152] Did  not create MIG processor data. /home/michael/ecen5139_final_project/hdl_ad7511_fork/projects/adv7511/zed/adv7511_zed.srcs/sources_1/bd/system/ip/system_axi_cpu_interconnect_0/system_axi_cpu_interconnect_0.xci
INFO: [Memdata 28-152] Did  not create MIG processor data. /home/michael/ecen5139_final_project/hdl_ad7511_fork/projects/adv7511/zed/adv7511_zed.srcs/sources_1/bd/system/ip/system_xbar_0/system_xbar_0.xci
INFO: [Memdata 28-152] Did  not create MIG processor data. /home/michael/ecen5139_final_project/hdl_ad7511_fork/projects/adv7511/zed/adv7511_zed.srcs/sources_1/bd/system/ip/system_sys_rstgen_0/system_sys_rstgen_0.xci
INFO: [Memdata 28-152] Did  not create MIG processor data. /home/michael/ecen5139_final_project/hdl_ad7511_fork/projects/adv7511/zed/adv7511_zed.srcs/sources_1/bd/system/ip/system_sys_logic_inv_0/system_sys_logic_inv_0.xci
INFO: [Memdata 28-152] Did  not create MIG processor data. /home/michael/ecen5139_final_project/hdl_ad7511_fork/projects/adv7511/zed/adv7511_zed.srcs/sources_1/bd/system/ip/system_axi_hdmi_clkgen_0/system_axi_hdmi_clkgen_0.xci
INFO: [Memdata 28-152] Did  not create MIG processor data. /home/michael/ecen5139_final_project/hdl_ad7511_fork/projects/adv7511/zed/adv7511_zed.srcs/sources_1/bd/system/ip/system_axi_hdmi_core_0/system_axi_hdmi_core_0.xci
INFO: [Memdata 28-152] Did  not create MIG processor data. /home/michael/ecen5139_final_project/hdl_ad7511_fork/projects/adv7511/zed/adv7511_zed.srcs/sources_1/bd/system/ip/system_axi_hdmi_dma_0/system_axi_hdmi_dma_0.xci
INFO: [Memdata 28-152] Did  not create MIG processor data. /home/michael/ecen5139_final_project/hdl_ad7511_fork/projects/adv7511/zed/adv7511_zed.srcs/sources_1/bd/system/ip/system_axi_hdmi_interconnect_0/system_axi_hdmi_interconnect_0.xci
INFO: [Memdata 28-152] Did  not create MIG processor data. /home/michael/ecen5139_final_project/hdl_ad7511_fork/projects/adv7511/zed/adv7511_zed.srcs/sources_1/bd/system/ip/system_sys_audio_clkgen_0/system_sys_audio_clkgen_0.xci
INFO: [Memdata 28-152] Did  not create MIG processor data. /home/michael/ecen5139_final_project/hdl_ad7511_fork/projects/adv7511/zed/adv7511_zed.srcs/sources_1/bd/system/ip/system_axi_spdif_tx_core_0/system_axi_spdif_tx_core_0.xci
INFO: [Memdata 28-152] Did  not create MIG processor data. /home/michael/ecen5139_final_project/hdl_ad7511_fork/projects/adv7511/zed/adv7511_zed.srcs/sources_1/bd/system/ip/system_axi_i2s_adi_0/system_axi_i2s_adi_0.xci
INFO: [Memdata 28-152] Did  not create MIG processor data. /home/michael/ecen5139_final_project/hdl_ad7511_fork/projects/adv7511/zed/adv7511_zed.srcs/sources_1/bd/system/ip/system_axi_iic_fmc_0/system_axi_iic_fmc_0.xci
INFO: [Memdata 28-152] Did  not create MIG processor data. /home/michael/ecen5139_final_project/hdl_ad7511_fork/projects/adv7511/zed/adv7511_zed.srcs/sources_1/bd/system/ip/system_axi_mem_intercon_0/system_axi_mem_intercon_0.xci
INFO: [Memdata 28-152] Did  not create MIG processor data. /home/michael/ecen5139_final_project/hdl_ad7511_fork/projects/adv7511/zed/adv7511_zed.srcs/sources_1/bd/system/ip/system_xbar_1/system_xbar_1.xci
INFO: [Memdata 28-152] Did  not create MIG processor data. /home/michael/ecen5139_final_project/hdl_ad7511_fork/projects/adv7511/zed/adv7511_zed.srcs/sources_1/bd/system/ip/system_runQueue_0_1/system_runQueue_0_1.xci
INFO: [Memdata 28-152] Did  not create MIG processor data. /home/michael/ecen5139_final_project/hdl_ad7511_fork/projects/adv7511/zed/adv7511_zed.srcs/sources_1/bd/system/ip/system_auto_pc_0/system_auto_pc_0.xci
INFO: [Memdata 28-152] Did  not create MIG processor data. /home/michael/ecen5139_final_project/hdl_ad7511_fork/projects/adv7511/zed/adv7511_zed.srcs/sources_1/bd/system/ip/system_auto_pc_1/system_auto_pc_1.xci
INFO: [Memdata 28-152] Did  not create MIG processor data. /home/michael/ecen5139_final_project/hdl_ad7511_fork/projects/adv7511/zed/adv7511_zed.srcs/sources_1/bd/system/ip/system_auto_pc_2/system_auto_pc_2.xci
INFO: [Memdata 28-152] Did  not create MIG processor data. /home/michael/ecen5139_final_project/hdl_ad7511_fork/projects/adv7511/zed/adv7511_zed.srcs/sources_1/bd/system/ip/system_sys_ps7_0/system_sys_ps7_0.xci
INFO: [Memdata 28-152] Did  not create MIG processor data. /home/michael/ecen5139_final_project/hdl_ad7511_fork/projects/adv7511/zed/adv7511_zed.srcs/sources_1/bd/system/ip/system_axi_iic_main_0/system_axi_iic_main_0.xci
INFO: [Memdata 28-152] Did  not create MIG processor data. /home/michael/ecen5139_final_project/hdl_ad7511_fork/projects/adv7511/zed/adv7511_zed.srcs/sources_1/bd/system/ip/system_sys_i2c_mixer_0/system_sys_i2c_mixer_0.xci
INFO: [Memdata 28-152] Did  not create MIG processor data. /home/michael/ecen5139_final_project/hdl_ad7511_fork/projects/adv7511/zed/adv7511_zed.srcs/sources_1/bd/system/ip/system_sys_concat_intc_0/system_sys_concat_intc_0.xci
INFO: [Memdata 28-152] Did  not create MIG processor data. /home/michael/ecen5139_final_project/hdl_ad7511_fork/projects/adv7511/zed/adv7511_zed.srcs/sources_1/bd/system/ip/system_axi_cpu_interconnect_0/system_axi_cpu_interconnect_0.xci
INFO: [Memdata 28-152] Did  not create MIG processor data. /home/michael/ecen5139_final_project/hdl_ad7511_fork/projects/adv7511/zed/adv7511_zed.srcs/sources_1/bd/system/ip/system_xbar_0/system_xbar_0.xci
INFO: [Memdata 28-152] Did  not create MIG processor data. /home/michael/ecen5139_final_project/hdl_ad7511_fork/projects/adv7511/zed/adv7511_zed.srcs/sources_1/bd/system/ip/system_sys_rstgen_0/system_sys_rstgen_0.xci
INFO: [Memdata 28-152] Did  not create MIG processor data. /home/michael/ecen5139_final_project/hdl_ad7511_fork/projects/adv7511/zed/adv7511_zed.srcs/sources_1/bd/system/ip/system_sys_logic_inv_0/system_sys_logic_inv_0.xci
INFO: [Memdata 28-152] Did  not create MIG processor data. /home/michael/ecen5139_final_project/hdl_ad7511_fork/projects/adv7511/zed/adv7511_zed.srcs/sources_1/bd/system/ip/system_axi_hdmi_clkgen_0/system_axi_hdmi_clkgen_0.xci
INFO: [Memdata 28-152] Did  not create MIG processor data. /home/michael/ecen5139_final_project/hdl_ad7511_fork/projects/adv7511/zed/adv7511_zed.srcs/sources_1/bd/system/ip/system_axi_hdmi_core_0/system_axi_hdmi_core_0.xci
INFO: [Memdata 28-152] Did  not create MIG processor data. /home/michael/ecen5139_final_project/hdl_ad7511_fork/projects/adv7511/zed/adv7511_zed.srcs/sources_1/bd/system/ip/system_axi_hdmi_dma_0/system_axi_hdmi_dma_0.xci
INFO: [Memdata 28-152] Did  not create MIG processor data. /home/michael/ecen5139_final_project/hdl_ad7511_fork/projects/adv7511/zed/adv7511_zed.srcs/sources_1/bd/system/ip/system_axi_hdmi_interconnect_0/system_axi_hdmi_interconnect_0.xci
INFO: [Memdata 28-152] Did  not create MIG processor data. /home/michael/ecen5139_final_project/hdl_ad7511_fork/projects/adv7511/zed/adv7511_zed.srcs/sources_1/bd/system/ip/system_sys_audio_clkgen_0/system_sys_audio_clkgen_0.xci
INFO: [Memdata 28-152] Did  not create MIG processor data. /home/michael/ecen5139_final_project/hdl_ad7511_fork/projects/adv7511/zed/adv7511_zed.srcs/sources_1/bd/system/ip/system_axi_spdif_tx_core_0/system_axi_spdif_tx_core_0.xci
INFO: [Memdata 28-152] Did  not create MIG processor data. /home/michael/ecen5139_final_project/hdl_ad7511_fork/projects/adv7511/zed/adv7511_zed.srcs/sources_1/bd/system/ip/system_axi_i2s_adi_0/system_axi_i2s_adi_0.xci
INFO: [Memdata 28-152] Did  not create MIG processor data. /home/michael/ecen5139_final_project/hdl_ad7511_fork/projects/adv7511/zed/adv7511_zed.srcs/sources_1/bd/system/ip/system_axi_iic_fmc_0/system_axi_iic_fmc_0.xci
INFO: [Memdata 28-152] Did  not create MIG processor data. /home/michael/ecen5139_final_project/hdl_ad7511_fork/projects/adv7511/zed/adv7511_zed.srcs/sources_1/bd/system/ip/system_axi_mem_intercon_0/system_axi_mem_intercon_0.xci
INFO: [Memdata 28-152] Did  not create MIG processor data. /home/michael/ecen5139_final_project/hdl_ad7511_fork/projects/adv7511/zed/adv7511_zed.srcs/sources_1/bd/system/ip/system_xbar_1/system_xbar_1.xci
INFO: [Memdata 28-152] Did  not create MIG processor data. /home/michael/ecen5139_final_project/hdl_ad7511_fork/projects/adv7511/zed/adv7511_zed.srcs/sources_1/bd/system/ip/system_runQueue_0_1/system_runQueue_0_1.xci
INFO: [Memdata 28-152] Did  not create MIG processor data. /home/michael/ecen5139_final_project/hdl_ad7511_fork/projects/adv7511/zed/adv7511_zed.srcs/sources_1/bd/system/ip/system_auto_pc_0/system_auto_pc_0.xci
INFO: [Memdata 28-152] Did  not create MIG processor data. /home/michael/ecen5139_final_project/hdl_ad7511_fork/projects/adv7511/zed/adv7511_zed.srcs/sources_1/bd/system/ip/system_auto_pc_1/system_auto_pc_1.xci
INFO: [Memdata 28-152] Did  not create MIG processor data. /home/michael/ecen5139_final_project/hdl_ad7511_fork/projects/adv7511/zed/adv7511_zed.srcs/sources_1/bd/system/ip/system_auto_pc_2/system_auto_pc_2.xci
INFO: [Project 1-111] Unisim Transformation Summary:
  A total of 57 instances were transformed.
  IOBUF => IOBUF (IBUF, OBUFT): 38 instances
  RAM32M => RAM32M (RAMD32, RAMD32, RAMD32, RAMD32, RAMD32, RAMD32, RAMS32, RAMS32): 18 instances
  RAM32X1D => RAM32X1D (RAMD32, RAMD32): 1 instances

open_run: Time (s): cpu = 00:00:32 ; elapsed = 00:00:26 . Memory (MB): peak = 5726.094 ; gain = 573.684
report_utilization -name utilization_1
report_utilization: Time (s): cpu = 00:00:06 ; elapsed = 00:00:03 . Memory (MB): peak = 5733.176 ; gain = 7.082
file copy -force /home/michael/ecen5139_final_project/hdl_ad7511_fork/projects/adv7511/zed/adv7511_zed.runs/impl_1/system_top.sysdef /home/michael/ecen5139_final_project/hdl_ad7511_fork/projects/adv7511/zed/adv7511_zed.sdk/system_top.hdf

launch_sdk -workspace /home/michael/ecen5139_final_project/hdl_ad7511_fork/projects/adv7511/zed/adv7511_zed.sdk -hwspec /home/michael/ecen5139_final_project/hdl_ad7511_fork/projects/adv7511/zed/adv7511_zed.sdk/system_top.hdf
INFO: [Vivado 12-393] Launching SDK...
INFO: [Vivado 12-417] Running xsdk -workspace /home/michael/ecen5139_final_project/hdl_ad7511_fork/projects/adv7511/zed/adv7511_zed.sdk -hwspec /home/michael/ecen5139_final_project/hdl_ad7511_fork/projects/adv7511/zed/adv7511_zed.sdk/system_top.hdf
INFO: [Vivado 12-3157] SDK launch initiated. Please check console for any further messages.
exit
INFO: [Common 17-206] Exiting Vivado at Tue Dec  1 23:11:59 2015...
