Copyright 1986-2014 Xilinx, Inc. All Rights Reserved.
---------------------------------------------------------------------------------------------------------------------------------------------
| Tool Version : Vivado v.2014.2 (lin64) Build 932637 Wed Jun 11 13:08:52 MDT 2014
| Date         : Sun Dec  6 03:40:44 2015
| Host         : ubuntu-xilinx-2014 running 64-bit Ubuntu 14.04.3 LTS
| Command      : report_timing_summary -warn_on_violation -file system_top_timing_summary_routed.rpt -pb system_top_timing_summary_routed.pb
| Design       : system_top
| Device       : 7z020-clg484
| Speed File   : -1  PRODUCTION 1.10 2014-03-13
---------------------------------------------------------------------------------------------------------------------------------------------

Timing Summary Report

------------------------------------------------------------------------------------------------
| Timer Settings
| --------------
------------------------------------------------------------------------------------------------

  Enable Multi Corner Analysis               :  Yes
  Enable Pessimism Removal                   :  Yes
  Pessimism Removal Resolution               :  Nearest Common Node
  Enable Input Delay Default Clock           :  No
  Enable Preset / Clear Arcs                 :  No
  Disable Flight Delays                      :  No

  Corner  Analyze    Analyze    
  Name    Max Paths  Min Paths  
  ------  ---------  ---------  
  Slow    Yes        Yes        
  Fast    Yes        Yes        



check_timing report

Table of Contents
-----------------
1. checking no_clock
2. checking constant clock
3. checking pulse_width_clock
4. checking unconstrained_internal_endpoints
5. checking no_input_delay
6. checking no_output_delay
7. checking multiple_clock
8. checking generated_clocks
9. checking loops
10. checking partial_input_delay
11. checking partial_output_delay
12. checking unexpandable_clocks
13. checking latch_loops

1. checking no_clock
--------------------
 There are 0 register/latch pins with no clock.


2. checking constant clock
--------------------------
 There are 0 register/latch pins with constant_clock.


3. checking pulse_width_clock
-----------------------------
 There are 0 register/latch pins which need pulse_width check


4. checking unconstrained_internal_endpoints
--------------------------------------------
 There are 0 pins that are not constrained for maximum delay.

 There are 0 pins that are not constrained for maximum delay due to constant clock.


5. checking no_input_delay
--------------------------
 There are 7 input ports with no input delay specified. (HIGH)

 There are 0 input ports with no input delay but user has a false path constraint.


6. checking no_output_delay
---------------------------
 There are 30 ports with no output delay specified. (HIGH)

 There are 0 ports with no output delay but user has a false path constraint

 There are 0 ports with no output delay but has a clock definition.


7. checking multiple_clock
--------------------------
 There are 0 register/latch pins with multiple clocks.


8. checking generated_clocks
----------------------------
 There is 1 generated clock that is not connected to a clock source. (HIGH)


9. checking loops
-----------------
 There are 0 combinational loops in the design.


10. checking partial_input_delay
--------------------------------
 There are 0 input ports with partial input delay specified.


11. checking partial_output_delay
---------------------------------
 There are 0 ports with partial output delay specified.


12. checking unexpandable_clocks
--------------------------------
 There are 2 unexpandable clock pairs. (HIGH)


13. checking latch_loops
------------------------
 There are 0 combinational latch loops in the design through latch input



------------------------------------------------------------------------------------------------
| Design Timing Summary
| ---------------------
------------------------------------------------------------------------------------------------

    WNS(ns)      TNS(ns)  TNS Failing Endpoints  TNS Total Endpoints      WHS(ns)      THS(ns)  THS Failing Endpoints  THS Total Endpoints     WPWS(ns)     TPWS(ns)  TPWS Failing Endpoints  TPWS Total Endpoints  
    -------      -------  ---------------------  -------------------      -------      -------  ---------------------  -------------------     --------     --------  ----------------------  --------------------  
      0.549        0.000                      0                18637        0.023        0.000                      0                18637        2.387        0.000                       0                  8243  


All user specified timing constraints are met.


------------------------------------------------------------------------------------------------
| Clock Summary
| -------------
------------------------------------------------------------------------------------------------

Clock                                                    Waveform(ns)         Period(ns)      Frequency(MHz)
-----                                                    ------------         ----------      --------------
clk_fpga_0                                               {0.000 5.000}        10.000          100.000         
clk_fpga_1                                               {0.000 2.500}        5.000           200.000         
  mmcm_clk_0_s                                           {0.000 3.367}        6.735           148.485         
  mmcm_clk_1_s                                           {0.000 3.367}        6.735           148.485         
  mmcm_fb_clk_s                                          {0.000 27.500}       55.000          18.182          
i_system_wrapper/system_i/sys_audio_clkgen/inst/clk_in1  {0.000 2.500}        5.000           200.000         
  clk_out1_system_sys_audio_clkgen_0_1                   {0.000 40.690}       81.380          12.288          
  clkfbout_system_sys_audio_clkgen_0_1                   {0.000 22.500}       45.000          22.222          


------------------------------------------------------------------------------------------------
| Intra Clock Table
| -----------------
------------------------------------------------------------------------------------------------

Clock                                                        WNS(ns)      TNS(ns)  TNS Failing Endpoints  TNS Total Endpoints      WHS(ns)      THS(ns)  THS Failing Endpoints  THS Total Endpoints     WPWS(ns)     TPWS(ns)  TPWS Failing Endpoints  TPWS Total Endpoints  
-----                                                        -------      -------  ---------------------  -------------------      -------      -------  ---------------------  -------------------     --------     --------  ----------------------  --------------------  
clk_fpga_0                                                     0.549        0.000                      0                15954        0.023        0.000                      0                15954        2.500        0.000                       0                  7203  
clk_fpga_1                                                                                                                                                                                                 2.845        0.000                       0                     4  
  mmcm_clk_0_s                                                 0.780        0.000                      0                 1542        0.045        0.000                      0                 1542        2.387        0.000                       0                   997  
  mmcm_clk_1_s                                                                                                                                                                                             5.486        0.000                       0                     1  
  mmcm_fb_clk_s                                                                                                                                                                                           45.000        0.000                       0                     3  
i_system_wrapper/system_i/sys_audio_clkgen/inst/clk_in1                                                                                                                                                    3.751        0.000                       0                     3  
  clk_out1_system_sys_audio_clkgen_0_1                        78.070        0.000                      0                   46        0.079        0.000                      0                   46       39.440        0.000                       0                    33  
  clkfbout_system_sys_audio_clkgen_0_1                                                                                                                                                                    42.845        0.000                       0                     3  


------------------------------------------------------------------------------------------------
| Inter Clock Table
| -----------------
------------------------------------------------------------------------------------------------

From Clock    To Clock          WNS(ns)      TNS(ns)  TNS Failing Endpoints  TNS Total Endpoints      WHS(ns)      THS(ns)  THS Failing Endpoints  THS Total Endpoints  
----------    --------          -------      -------  ---------------------  -------------------      -------      -------  ---------------------  -------------------  


------------------------------------------------------------------------------------------------
| Other Path Groups Table
| -----------------------
------------------------------------------------------------------------------------------------

Path Group         From Clock         To Clock               WNS(ns)      TNS(ns)  TNS Failing Endpoints  TNS Total Endpoints      WHS(ns)      THS(ns)  THS Failing Endpoints  THS Total Endpoints  
----------         ----------         --------               -------      -------  ---------------------  -------------------      -------      -------  ---------------------  -------------------  
**async_default**  clk_fpga_0         clk_fpga_0               1.484        0.000                      0                 1095        0.352        0.000                      0                 1095  


------------------------------------------------------------------------------------------------
| Timing Details
| --------------
------------------------------------------------------------------------------------------------


---------------------------------------------------------------------------------------------------
From Clock:  clk_fpga_0
  To Clock:  clk_fpga_0

Setup :            0  Failing Endpoints,  Worst Slack        0.549ns,  Total Violation        0.000ns
Hold  :            0  Failing Endpoints,  Worst Slack        0.023ns,  Total Violation        0.000ns
PW    :            0  Failing Endpoints,  Worst Slack        2.500ns,  Total Violation        0.000ns
---------------------------------------------------------------------------------------------------


Max Delay Paths
--------------------------------------------------------------------------------------
Slack (MET) :             0.549ns  (required time - arrival time)
  Source:                 i_system_wrapper/system_i/runQueue_0/inst/runQueue_AXI4LiteS_if_U/_iterations_ap_vld_reg/C
                            (rising edge-triggered cell FDRE clocked by clk_fpga_0  {rise@0.000ns fall@5.000ns period=10.000ns})
  Destination:            i_system_wrapper/system_i/pqueue_0/inst/count_reg[2]_rep__6/D
                            (rising edge-triggered cell FDRE clocked by clk_fpga_0  {rise@0.000ns fall@5.000ns period=10.000ns})
  Path Group:             clk_fpga_0
  Path Type:              Setup (Max at Slow Process Corner)
  Requirement:            10.000ns  (clk_fpga_0 rise@10.000ns - clk_fpga_0 rise@0.000ns)
  Data Path Delay:        8.771ns  (logic 3.184ns (36.303%)  route 5.587ns (63.697%))
  Logic Levels:           11  (CARRY4=5 LUT2=1 LUT3=1 LUT4=1 LUT5=1 LUT6=2)
  Clock Path Skew:        -0.286ns (DCD - SCD + CPR)
    Destination Clock Delay (DCD):    4.011ns = ( 14.011 - 10.000 ) 
    Source Clock Delay      (SCD):    4.725ns
    Clock Pessimism Removal (CPR):    0.428ns
  Clock Uncertainty:      0.154ns  ((TSJ^2 + TIJ^2)^1/2 + DJ) / 2 + PE
    Total System Jitter     (TSJ):    0.071ns
    Total Input Jitter      (TIJ):    0.300ns
    Discrete Jitter          (DJ):    0.000ns
    Phase Error              (PE):    0.000ns

    Location             Delay type                Incr(ns)  Path(ns)    Netlist Resource(s)
  -------------------------------------------------------------------    -------------------
                         (clock clk_fpga_0 rise edge)
                                                      0.000     0.000 r  
    PS7_X0Y0             PS7                          0.000     0.000 r  i_system_wrapper/system_i/sys_ps7/inst/PS7_i/FCLKCLK[0]
                         net (fo=1, routed)           2.782     2.782    i_system_wrapper/system_i/sys_ps7/inst/FCLK_CLK_unbuffered[0]
    BUFGCTRL_X0Y16       BUFG (Prop_bufg_I_O)         0.101     2.883 r  i_system_wrapper/system_i/sys_ps7/inst/buffer_fclk_clk_0.FCLK_CLK_0_BUFG/O
                         net (fo=7208, routed)        1.842     4.725    i_system_wrapper/system_i/runQueue_0/inst/runQueue_AXI4LiteS_if_U/aclk
    SLICE_X49Y104                                                     r  i_system_wrapper/system_i/runQueue_0/inst/runQueue_AXI4LiteS_if_U/_iterations_ap_vld_reg/C
  -------------------------------------------------------------------    -------------------
    SLICE_X49Y104        FDRE (Prop_fdre_C_Q)         0.456     5.181 r  i_system_wrapper/system_i/runQueue_0/inst/runQueue_AXI4LiteS_if_U/_iterations_ap_vld_reg/Q
                         net (fo=53, routed)          0.970     6.151    i_system_wrapper/system_i/runQueue_0/inst/runQueue_AXI4LiteS_if_U/sig_runQueue_iterations_ap_vld
    SLICE_X50Y104        LUT3 (Prop_lut3_I1_O)        0.150     6.301 r  i_system_wrapper/system_i/runQueue_0/inst/runQueue_AXI4LiteS_if_U/FSM_onehot_ap_CS_fsm[3]_i_53/O
                         net (fo=2, routed)           0.569     6.869    i_system_wrapper/system_i/runQueue_0/inst/runQueue_AXI4LiteS_if_U/iterations_in_sig[1]
    SLICE_X51Y102        LUT6 (Prop_lut6_I0_O)        0.348     7.217 r  i_system_wrapper/system_i/runQueue_0/inst/runQueue_AXI4LiteS_if_U/FSM_onehot_ap_CS_fsm[3]_i_41/O
                         net (fo=1, routed)           0.332     7.549    i_system_wrapper/system_i/runQueue_0/inst/runQueue_AXI4LiteS_if_U/n_4_FSM_onehot_ap_CS_fsm[3]_i_41
    SLICE_X51Y103        CARRY4 (Prop_carry4_DI[1]_CO[3])
                                                      0.507     8.056 r  i_system_wrapper/system_i/runQueue_0/inst/runQueue_AXI4LiteS_if_U/FSM_onehot_ap_CS_fsm_reg[3]_i_26/CO[3]
                         net (fo=1, routed)           0.000     8.056    i_system_wrapper/system_i/runQueue_0/inst/runQueue_AXI4LiteS_if_U/n_4_FSM_onehot_ap_CS_fsm_reg[3]_i_26
    SLICE_X51Y104        CARRY4 (Prop_carry4_CI_CO[3])
                                                      0.114     8.170 r  i_system_wrapper/system_i/runQueue_0/inst/runQueue_AXI4LiteS_if_U/FSM_onehot_ap_CS_fsm_reg[3]_i_13/CO[3]
                         net (fo=1, routed)           0.000     8.170    i_system_wrapper/system_i/runQueue_0/inst/runQueue_AXI4LiteS_if_U/n_4_FSM_onehot_ap_CS_fsm_reg[3]_i_13
    SLICE_X51Y105        CARRY4 (Prop_carry4_CI_CO[3])
                                                      0.114     8.284 r  i_system_wrapper/system_i/runQueue_0/inst/runQueue_AXI4LiteS_if_U/FSM_onehot_ap_CS_fsm_reg[3]_i_4/CO[3]
                         net (fo=1, routed)           0.000     8.284    i_system_wrapper/system_i/runQueue_0/inst/runQueue_U/CO[0]
    SLICE_X51Y106        CARRY4 (Prop_carry4_CI_CO[3])
                                                      0.114     8.398 f  i_system_wrapper/system_i/runQueue_0/inst/runQueue_U/FSM_onehot_ap_CS_fsm_reg[3]_i_2/CO[3]
                         net (fo=6, routed)           0.563     8.961    i_system_wrapper/system_i/runQueue_0/inst/runQueue_U/tmp_fu_325_p2
    SLICE_X57Y106        LUT6 (Prop_lut6_I0_O)        0.429     9.390 f  i_system_wrapper/system_i/runQueue_0/inst/runQueue_U/cmdOut_V[1]_INST_0_i_4/O
                         net (fo=1, routed)           0.294     9.685    i_system_wrapper/system_i/runQueue_0/inst/runQueue_U/n_4_cmdOut_V[1]_INST_0_i_4
    SLICE_X57Y107        LUT5 (Prop_lut5_I0_O)        0.124     9.809 f  i_system_wrapper/system_i/runQueue_0/inst/runQueue_U/cmdOut_V[1]_INST_0_i_1/O
                         net (fo=3, routed)           0.709    10.517    i_system_wrapper/system_i/runQueue_0/inst/runQueue_U/cmdOut_V_preg1
    SLICE_X66Y99         LUT4 (Prop_lut4_I0_O)        0.124    10.641 r  i_system_wrapper/system_i/runQueue_0/inst/runQueue_U/cmdOut_V[1]_INST_0/O
                         net (fo=1606, routed)        1.259    11.900    i_system_wrapper/system_i/pqueue_0/cmd[1]
    SLICE_X80Y98         LUT2 (Prop_lut2_I1_O)        0.124    12.024 r  i_system_wrapper/system_i/pqueue_0/count[3]_i_5/O
                         net (fo=1, routed)           0.000    12.024    i_system_wrapper/system_i/pqueue_0/n_4_count[3]_i_5
    SLICE_X80Y98         CARRY4 (Prop_carry4_S[1]_O[2])
                                                      0.580    12.604 r  i_system_wrapper/system_i/pqueue_0/count_reg[3]_i_1/O[2]
                         net (fo=11, routed)          0.892    13.496    i_system_wrapper/system_i/pqueue_0/n_9_count_reg[3]_i_1
    SLICE_X67Y98         FDRE                                         r  i_system_wrapper/system_i/pqueue_0/inst/count_reg[2]_rep__6/D
  -------------------------------------------------------------------    -------------------

                         (clock clk_fpga_0 rise edge)
                                                     10.000    10.000 r  
    PS7_X0Y0             PS7                          0.000    10.000 r  i_system_wrapper/system_i/sys_ps7/inst/PS7_i/FCLKCLK[0]
                         net (fo=1, routed)           2.378    12.378    i_system_wrapper/system_i/sys_ps7/inst/FCLK_CLK_unbuffered[0]
    BUFGCTRL_X0Y16       BUFG (Prop_bufg_I_O)         0.091    12.469 r  i_system_wrapper/system_i/sys_ps7/inst/buffer_fclk_clk_0.FCLK_CLK_0_BUFG/O
                         net (fo=7208, routed)        1.542    14.011    i_system_wrapper/system_i/pqueue_0/clock
    SLICE_X67Y98                                                      r  i_system_wrapper/system_i/pqueue_0/inst/count_reg[2]_rep__6/C
                         clock pessimism              0.428    14.439    
                         clock uncertainty           -0.154    14.285    
    SLICE_X67Y98         FDRE (Setup_fdre_C_D)       -0.240    14.045    i_system_wrapper/system_i/pqueue_0/inst/count_reg[2]_rep__6
  -------------------------------------------------------------------
                         required time                         14.045    
                         arrival time                         -13.496    
  -------------------------------------------------------------------
                         slack                                  0.549    





Min Delay Paths
--------------------------------------------------------------------------------------
Slack (MET) :             0.023ns  (arrival time - required time)
  Source:                 i_system_wrapper/system_i/axi_i2s_adi/U0/ctrl/tx_sync/wr_addr_reg[0]/C
                            (rising edge-triggered cell FDRE clocked by clk_fpga_0  {rise@0.000ns fall@5.000ns period=10.000ns})
  Destination:            i_system_wrapper/system_i/axi_i2s_adi/U0/ctrl/tx_sync/fifo_reg_0_3_0_4/RAMA/WADR0
                            (rising edge-triggered cell RAMD32 clocked by clk_fpga_0  {rise@0.000ns fall@5.000ns period=10.000ns})
  Path Group:             clk_fpga_0
  Path Type:              Hold (Min at Fast Process Corner)
  Requirement:            0.000ns  (clk_fpga_0 rise@0.000ns - clk_fpga_0 rise@0.000ns)
  Data Path Delay:        0.346ns  (logic 0.141ns (40.751%)  route 0.205ns (59.249%))
  Logic Levels:           0  
  Clock Path Skew:        0.013ns (DCD - SCD - CPR)
    Destination Clock Delay (DCD):    2.274ns
    Source Clock Delay      (SCD):    1.826ns
    Clock Pessimism Removal (CPR):    0.435ns

    Location             Delay type                Incr(ns)  Path(ns)    Netlist Resource(s)
  -------------------------------------------------------------------    -------------------
                         (clock clk_fpga_0 rise edge)
                                                      0.000     0.000 r  
    PS7_X0Y0             PS7                          0.000     0.000 r  i_system_wrapper/system_i/sys_ps7/inst/PS7_i/FCLKCLK[0]
                         net (fo=1, routed)           1.168     1.168    i_system_wrapper/system_i/sys_ps7/inst/FCLK_CLK_unbuffered[0]
    BUFGCTRL_X0Y16       BUFG (Prop_bufg_I_O)         0.026     1.194 r  i_system_wrapper/system_i/sys_ps7/inst/buffer_fclk_clk_0.FCLK_CLK_0_BUFG/O
                         net (fo=7208, routed)        0.632     1.826    i_system_wrapper/system_i/axi_i2s_adi/U0/ctrl/tx_sync/S_AXI_ACLK
    SLICE_X39Y117                                                     r  i_system_wrapper/system_i/axi_i2s_adi/U0/ctrl/tx_sync/wr_addr_reg[0]/C
  -------------------------------------------------------------------    -------------------
    SLICE_X39Y117        FDRE (Prop_fdre_C_Q)         0.141     1.967 r  i_system_wrapper/system_i/axi_i2s_adi/U0/ctrl/tx_sync/wr_addr_reg[0]/Q
                         net (fo=10, routed)          0.205     2.172    i_system_wrapper/system_i/axi_i2s_adi/U0/ctrl/tx_sync/fifo_reg_0_3_0_4/ADDRD0
    SLICE_X38Y117        RAMD32                                       r  i_system_wrapper/system_i/axi_i2s_adi/U0/ctrl/tx_sync/fifo_reg_0_3_0_4/RAMA/WADR0
  -------------------------------------------------------------------    -------------------

                         (clock clk_fpga_0 rise edge)
                                                      0.000     0.000 r  
    PS7_X0Y0             PS7                          0.000     0.000 r  i_system_wrapper/system_i/sys_ps7/inst/PS7_i/FCLKCLK[0]
                         net (fo=1, routed)           1.343     1.343    i_system_wrapper/system_i/sys_ps7/inst/FCLK_CLK_unbuffered[0]
    BUFGCTRL_X0Y16       BUFG (Prop_bufg_I_O)         0.029     1.372 r  i_system_wrapper/system_i/sys_ps7/inst/buffer_fclk_clk_0.FCLK_CLK_0_BUFG/O
                         net (fo=7208, routed)        0.902     2.274    i_system_wrapper/system_i/axi_i2s_adi/U0/ctrl/tx_sync/fifo_reg_0_3_0_4/WCLK
    SLICE_X38Y117                                                     r  i_system_wrapper/system_i/axi_i2s_adi/U0/ctrl/tx_sync/fifo_reg_0_3_0_4/RAMA/CLK
                         clock pessimism             -0.435     1.839    
    SLICE_X38Y117        RAMD32 (Hold_ramd32_CLK_WADR0)
                                                      0.310     2.149    i_system_wrapper/system_i/axi_i2s_adi/U0/ctrl/tx_sync/fifo_reg_0_3_0_4/RAMA
  -------------------------------------------------------------------
                         required time                         -2.149    
                         arrival time                           2.172    
  -------------------------------------------------------------------
                         slack                                  0.023    





Pulse Width Checks
--------------------------------------------------------------------------------------
Clock Name:         clk_fpga_0
Waveform:           { 0 5 }
Period:             10.000
Sources:            { i_system_wrapper/system_i/sys_ps7/inst/PS7_i/FCLKCLK[0] }

Check Type        Corner  Lib Pin          Reference Pin  Required  Actual  Slack  Location         Pin
Min Period        n/a     MMCME2_ADV/DCLK  n/a            4.999     10.000  5.001  MMCME2_ADV_X0Y0  i_system_wrapper/system_i/axi_hdmi_clkgen/inst/i_mmcm_drp/i_mmcm/DCLK
Low Pulse Width   Slow    MMCME2_ADV/DCLK  n/a            2.500     5.000   2.500  MMCME2_ADV_X0Y0  i_system_wrapper/system_i/axi_hdmi_clkgen/inst/i_mmcm_drp/i_mmcm/DCLK
High Pulse Width  Slow    MMCME2_ADV/DCLK  n/a            2.500     5.000   2.500  MMCME2_ADV_X0Y0  i_system_wrapper/system_i/axi_hdmi_clkgen/inst/i_mmcm_drp/i_mmcm/DCLK



---------------------------------------------------------------------------------------------------
From Clock:  clk_fpga_1
  To Clock:  clk_fpga_1

Setup :               Failing Endpoints,  Worst Slack               ,  Total Violation             
Hold  :               Failing Endpoints,  Worst Slack               ,  Total Violation             
PW    :            0  Failing Endpoints,  Worst Slack        2.845ns,  Total Violation        0.000ns
---------------------------------------------------------------------------------------------------


Pulse Width Checks
--------------------------------------------------------------------------------------
Clock Name:         clk_fpga_1
Waveform:           { 0 2.5 }
Period:             5.000
Sources:            { i_system_wrapper/system_i/sys_ps7/inst/PS7_i/FCLKCLK[1] }

Check Type  Corner  Lib Pin            Reference Pin  Required  Actual  Slack   Location         Pin
Min Period  n/a     BUFG/I             n/a            2.155     5.000   2.845   BUFGCTRL_X0Y17   i_system_wrapper/system_i/sys_ps7/inst/buffer_fclk_clk_1.FCLK_CLK_1_BUFG/I
Max Period  n/a     MMCME2_ADV/CLKIN1  n/a            100.000   5.000   95.000  MMCME2_ADV_X0Y0  i_system_wrapper/system_i/axi_hdmi_clkgen/inst/i_mmcm_drp/i_mmcm/CLKIN1



---------------------------------------------------------------------------------------------------
From Clock:  mmcm_clk_0_s
  To Clock:  mmcm_clk_0_s

Setup :            0  Failing Endpoints,  Worst Slack        0.780ns,  Total Violation        0.000ns
Hold  :            0  Failing Endpoints,  Worst Slack        0.045ns,  Total Violation        0.000ns
PW    :            0  Failing Endpoints,  Worst Slack        2.387ns,  Total Violation        0.000ns
---------------------------------------------------------------------------------------------------


Max Delay Paths
--------------------------------------------------------------------------------------
Slack (MET) :             0.780ns  (required time - arrival time)
  Source:                 i_system_wrapper/system_i/axi_hdmi_core/inst/i_up/i_hdmi_xfer_cntrl/d_data_cntrl_reg[128]/C
                            (rising edge-triggered cell FDRE clocked by mmcm_clk_0_s  {rise@0.000ns fall@3.367ns period=6.735ns})
  Destination:            i_system_wrapper/system_i/axi_hdmi_core/inst/i_tx_core/hdmi_vs_count_reg[0]/R
                            (rising edge-triggered cell FDRE clocked by mmcm_clk_0_s  {rise@0.000ns fall@3.367ns period=6.735ns})
  Path Group:             mmcm_clk_0_s
  Path Type:              Setup (Max at Slow Process Corner)
  Requirement:            6.735ns  (mmcm_clk_0_s rise@6.735ns - mmcm_clk_0_s rise@0.000ns)
  Data Path Delay:        5.237ns  (logic 2.824ns (53.919%)  route 2.413ns (46.081%))
  Logic Levels:           7  (CARRY4=4 LUT1=1 LUT2=1 LUT4=1)
  Clock Path Skew:        -0.046ns (DCD - SCD + CPR)
    Destination Clock Delay (DCD):    4.026ns = ( 10.760 - 6.735 ) 
    Source Clock Delay      (SCD):    4.598ns
    Clock Pessimism Removal (CPR):    0.526ns
  Clock Uncertainty:      0.147ns  ((TSJ^2 + DJ^2)^1/2) / 2 + PE
    Total System Jitter     (TSJ):    0.071ns
    Discrete Jitter          (DJ):    0.286ns
    Phase Error              (PE):    0.000ns

    Location             Delay type                Incr(ns)  Path(ns)    Netlist Resource(s)
  -------------------------------------------------------------------    -------------------
                         (clock mmcm_clk_0_s rise edge)
                                                      0.000     0.000 r  
    PS7_X0Y0             PS7                          0.000     0.000 r  i_system_wrapper/system_i/sys_ps7/inst/PS7_i/FCLKCLK[1]
                         net (fo=1, routed)           2.668     2.668    i_system_wrapper/system_i/sys_ps7/inst/FCLK_CLK_unbuffered[1]
    BUFGCTRL_X0Y17       BUFG (Prop_bufg_I_O)         0.101     2.769 r  i_system_wrapper/system_i/sys_ps7/inst/buffer_fclk_clk_1.FCLK_CLK_1_BUFG/O
                         net (fo=2, routed)           1.762     4.531    i_system_wrapper/system_i/axi_hdmi_clkgen/inst/i_mmcm_drp/clk
    MMCME2_ADV_X0Y0      MMCME2_ADV (Prop_mmcme2_adv_CLKIN1_CLKOUT0)
                                                     -3.715     0.816 r  i_system_wrapper/system_i/axi_hdmi_clkgen/inst/i_mmcm_drp/i_mmcm/CLKOUT0
                         net (fo=1, routed)           1.855     2.671    i_system_wrapper/system_i/axi_hdmi_clkgen/inst/i_mmcm_drp/mmcm_clk_0_s
    BUFGCTRL_X0Y0        BUFG (Prop_bufg_I_O)         0.101     2.772 r  i_system_wrapper/system_i/axi_hdmi_clkgen/inst/i_mmcm_drp/i_clk_0_bufg/O
                         net (fo=995, routed)         1.826     4.598    i_system_wrapper/system_i/axi_hdmi_core/inst/i_up/i_hdmi_xfer_cntrl/hdmi_clk
    SLICE_X44Y125                                                     r  i_system_wrapper/system_i/axi_hdmi_core/inst/i_up/i_hdmi_xfer_cntrl/d_data_cntrl_reg[128]/C
  -------------------------------------------------------------------    -------------------
    SLICE_X44Y125        FDRE (Prop_fdre_C_Q)         0.456     5.054 f  i_system_wrapper/system_i/axi_hdmi_core/inst/i_up/i_hdmi_xfer_cntrl/d_data_cntrl_reg[128]/Q
                         net (fo=2, routed)           0.573     5.626    i_system_wrapper/system_i/axi_hdmi_core/inst/i_up/i_hdmi_xfer_cntrl/O7[111]
    SLICE_X44Y128        LUT1 (Prop_lut1_I0_O)        0.124     5.750 r  i_system_wrapper/system_i/axi_hdmi_core/inst/i_up/i_hdmi_xfer_cntrl/hdmi_hs_count[0]_i_40/O
                         net (fo=1, routed)           0.000     5.750    i_system_wrapper/system_i/axi_hdmi_core/inst/i_tx_core/I13[0]
    SLICE_X44Y128        CARRY4 (Prop_carry4_S[0]_CO[3])
                                                      0.532     6.282 r  i_system_wrapper/system_i/axi_hdmi_core/inst/i_tx_core/hdmi_hs_count_reg[0]_i_24/CO[3]
                         net (fo=1, routed)           0.000     6.282    i_system_wrapper/system_i/axi_hdmi_core/inst/i_tx_core/n_4_hdmi_hs_count_reg[0]_i_24
    SLICE_X44Y129        CARRY4 (Prop_carry4_CI_CO[3])
                                                      0.114     6.396 r  i_system_wrapper/system_i/axi_hdmi_core/inst/i_tx_core/hdmi_hs_count_reg[0]_i_23/CO[3]
                         net (fo=1, routed)           0.000     6.396    i_system_wrapper/system_i/axi_hdmi_core/inst/i_tx_core/n_4_hdmi_hs_count_reg[0]_i_23
    SLICE_X44Y130        CARRY4 (Prop_carry4_CI_O[3])
                                                      0.313     6.709 r  i_system_wrapper/system_i/axi_hdmi_core/inst/i_tx_core/hdmi_hs_count_reg[0]_i_22/O[3]
                         net (fo=2, routed)           0.644     7.353    i_system_wrapper/system_i/axi_hdmi_core/inst/i_tx_core/hdmi_hl_width_s[11]
    SLICE_X45Y131        LUT4 (Prop_lut4_I0_O)        0.306     7.659 r  i_system_wrapper/system_i/axi_hdmi_core/inst/i_tx_core/hdmi_hs_count[0]_i_10/O
                         net (fo=1, routed)           0.000     7.659    i_system_wrapper/system_i/axi_hdmi_core/inst/i_tx_core/n_4_hdmi_hs_count[0]_i_10
    SLICE_X45Y131        CARRY4 (Prop_carry4_S[1]_CO[3])
                                                      0.550     8.209 r  i_system_wrapper/system_i/axi_hdmi_core/inst/i_tx_core/hdmi_hs_count_reg[0]_i_1/CO[3]
                         net (fo=33, routed)          0.518     8.728    i_system_wrapper/system_i/axi_hdmi_core/inst/i_tx_core/n_4_hdmi_hs_count_reg[0]_i_1
    SLICE_X44Y134        LUT2 (Prop_lut2_I1_O)        0.429     9.157 r  i_system_wrapper/system_i/axi_hdmi_core/inst/i_tx_core/hdmi_vs_count[0]_i_1/O
                         net (fo=16, routed)          0.679     9.835    i_system_wrapper/system_i/axi_hdmi_core/inst/i_tx_core/n_4_hdmi_vs_count[0]_i_1
    SLICE_X42Y132        FDRE                                         r  i_system_wrapper/system_i/axi_hdmi_core/inst/i_tx_core/hdmi_vs_count_reg[0]/R
  -------------------------------------------------------------------    -------------------

                         (clock mmcm_clk_0_s rise edge)
                                                      6.735     6.735 r  
    PS7_X0Y0             PS7                          0.000     6.735 r  i_system_wrapper/system_i/sys_ps7/inst/PS7_i/FCLKCLK[1]
                         net (fo=1, routed)           2.284     9.018    i_system_wrapper/system_i/sys_ps7/inst/FCLK_CLK_unbuffered[1]
    BUFGCTRL_X0Y17       BUFG (Prop_bufg_I_O)         0.091     9.109 r  i_system_wrapper/system_i/sys_ps7/inst/buffer_fclk_clk_1.FCLK_CLK_1_BUFG/O
                         net (fo=2, routed)           1.570    10.680    i_system_wrapper/system_i/axi_hdmi_clkgen/inst/i_mmcm_drp/clk
    MMCME2_ADV_X0Y0      MMCME2_ADV (Prop_mmcme2_adv_CLKIN1_CLKOUT0)
                                                     -3.349     7.330 r  i_system_wrapper/system_i/axi_hdmi_clkgen/inst/i_mmcm_drp/i_mmcm/CLKOUT0
                         net (fo=1, routed)           1.691     9.021    i_system_wrapper/system_i/axi_hdmi_clkgen/inst/i_mmcm_drp/mmcm_clk_0_s
    BUFGCTRL_X0Y0        BUFG (Prop_bufg_I_O)         0.091     9.112 r  i_system_wrapper/system_i/axi_hdmi_clkgen/inst/i_mmcm_drp/i_clk_0_bufg/O
                         net (fo=995, routed)         1.648    10.760    i_system_wrapper/system_i/axi_hdmi_core/inst/i_tx_core/hdmi_clk
    SLICE_X42Y132                                                     r  i_system_wrapper/system_i/axi_hdmi_core/inst/i_tx_core/hdmi_vs_count_reg[0]/C
                         clock pessimism              0.526    11.286    
                         clock uncertainty           -0.147    11.139    
    SLICE_X42Y132        FDRE (Setup_fdre_C_R)       -0.524    10.615    i_system_wrapper/system_i/axi_hdmi_core/inst/i_tx_core/hdmi_vs_count_reg[0]
  -------------------------------------------------------------------
                         required time                         10.615    
                         arrival time                          -9.835    
  -------------------------------------------------------------------
                         slack                                  0.780    





Min Delay Paths
--------------------------------------------------------------------------------------
Slack (MET) :             0.045ns  (arrival time - required time)
  Source:                 i_system_wrapper/system_i/axi_hdmi_core/inst/i_tx_core/i_ss_444to422/s444_data_d_reg[22]/C
                            (rising edge-triggered cell FDRE clocked by mmcm_clk_0_s  {rise@0.000ns fall@3.367ns period=6.735ns})
  Destination:            i_system_wrapper/system_i/axi_hdmi_core/inst/i_tx_core/i_ss_444to422/s444_data_2d_reg[22]/D
                            (rising edge-triggered cell FDRE clocked by mmcm_clk_0_s  {rise@0.000ns fall@3.367ns period=6.735ns})
  Path Group:             mmcm_clk_0_s
  Path Type:              Hold (Min at Fast Process Corner)
  Requirement:            0.000ns  (mmcm_clk_0_s rise@0.000ns - mmcm_clk_0_s rise@0.000ns)
  Data Path Delay:        0.326ns  (logic 0.128ns (39.243%)  route 0.198ns (60.757%))
  Logic Levels:           0  
  Clock Path Skew:        0.258ns (DCD - SCD - CPR)
    Destination Clock Delay (DCD):    2.216ns
    Source Clock Delay      (SCD):    1.781ns
    Clock Pessimism Removal (CPR):    0.177ns

    Location             Delay type                Incr(ns)  Path(ns)    Netlist Resource(s)
  -------------------------------------------------------------------    -------------------
                         (clock mmcm_clk_0_s rise edge)
                                                      0.000     0.000 r  
    PS7_X0Y0             PS7                          0.000     0.000 r  i_system_wrapper/system_i/sys_ps7/inst/PS7_i/FCLKCLK[1]
                         net (fo=1, routed)           1.124     1.124    i_system_wrapper/system_i/sys_ps7/inst/FCLK_CLK_unbuffered[1]
    BUFGCTRL_X0Y17       BUFG (Prop_bufg_I_O)         0.026     1.150 r  i_system_wrapper/system_i/sys_ps7/inst/buffer_fclk_clk_1.FCLK_CLK_1_BUFG/O
                         net (fo=2, routed)           0.580     1.729    i_system_wrapper/system_i/axi_hdmi_clkgen/inst/i_mmcm_drp/clk
    MMCME2_ADV_X0Y0      MMCME2_ADV (Prop_mmcme2_adv_CLKIN1_CLKOUT0)
                                                     -1.122     0.608 r  i_system_wrapper/system_i/axi_hdmi_clkgen/inst/i_mmcm_drp/i_mmcm/CLKOUT0
                         net (fo=1, routed)           0.518     1.126    i_system_wrapper/system_i/axi_hdmi_clkgen/inst/i_mmcm_drp/mmcm_clk_0_s
    BUFGCTRL_X0Y0        BUFG (Prop_bufg_I_O)         0.026     1.152 r  i_system_wrapper/system_i/axi_hdmi_clkgen/inst/i_mmcm_drp/i_clk_0_bufg/O
                         net (fo=995, routed)         0.629     1.781    i_system_wrapper/system_i/axi_hdmi_core/inst/i_tx_core/i_ss_444to422/hdmi_clk
    SLICE_X49Y121                                                     r  i_system_wrapper/system_i/axi_hdmi_core/inst/i_tx_core/i_ss_444to422/s444_data_d_reg[22]/C
  -------------------------------------------------------------------    -------------------
    SLICE_X49Y121        FDRE (Prop_fdre_C_Q)         0.128     1.909 r  i_system_wrapper/system_i/axi_hdmi_core/inst/i_tx_core/i_ss_444to422/s444_data_d_reg[22]/Q
                         net (fo=3, routed)           0.198     2.107    i_system_wrapper/system_i/axi_hdmi_core/inst/i_tx_core/i_ss_444to422/n_4_s444_data_d_reg[22]
    SLICE_X51Y121        FDRE                                         r  i_system_wrapper/system_i/axi_hdmi_core/inst/i_tx_core/i_ss_444to422/s444_data_2d_reg[22]/D
  -------------------------------------------------------------------    -------------------

                         (clock mmcm_clk_0_s rise edge)
                                                      0.000     0.000 r  
    PS7_X0Y0             PS7                          0.000     0.000 r  i_system_wrapper/system_i/sys_ps7/inst/PS7_i/FCLKCLK[1]
                         net (fo=1, routed)           1.289     1.289    i_system_wrapper/system_i/sys_ps7/inst/FCLK_CLK_unbuffered[1]
    BUFGCTRL_X0Y17       BUFG (Prop_bufg_I_O)         0.029     1.318 r  i_system_wrapper/system_i/sys_ps7/inst/buffer_fclk_clk_1.FCLK_CLK_1_BUFG/O
                         net (fo=2, routed)           0.846     2.164    i_system_wrapper/system_i/axi_hdmi_clkgen/inst/i_mmcm_drp/clk
    MMCME2_ADV_X0Y0      MMCME2_ADV (Prop_mmcme2_adv_CLKIN1_CLKOUT0)
                                                     -1.437     0.727 r  i_system_wrapper/system_i/axi_hdmi_clkgen/inst/i_mmcm_drp/i_mmcm/CLKOUT0
                         net (fo=1, routed)           0.564     1.291    i_system_wrapper/system_i/axi_hdmi_clkgen/inst/i_mmcm_drp/mmcm_clk_0_s
    BUFGCTRL_X0Y0        BUFG (Prop_bufg_I_O)         0.029     1.320 r  i_system_wrapper/system_i/axi_hdmi_clkgen/inst/i_mmcm_drp/i_clk_0_bufg/O
                         net (fo=995, routed)         0.896     2.216    i_system_wrapper/system_i/axi_hdmi_core/inst/i_tx_core/i_ss_444to422/hdmi_clk
    SLICE_X51Y121                                                     r  i_system_wrapper/system_i/axi_hdmi_core/inst/i_tx_core/i_ss_444to422/s444_data_2d_reg[22]/C
                         clock pessimism             -0.177     2.039    
    SLICE_X51Y121        FDRE (Hold_fdre_C_D)         0.023     2.062    i_system_wrapper/system_i/axi_hdmi_core/inst/i_tx_core/i_ss_444to422/s444_data_2d_reg[22]
  -------------------------------------------------------------------
                         required time                         -2.062    
                         arrival time                           2.107    
  -------------------------------------------------------------------
                         slack                                  0.045    





Pulse Width Checks
--------------------------------------------------------------------------------------
Clock Name:         mmcm_clk_0_s
Waveform:           { 0 3.36735 }
Period:             6.735
Sources:            { i_system_wrapper/system_i/axi_hdmi_clkgen/inst/i_mmcm_drp/i_mmcm/CLKOUT0 }

Check Type        Corner  Lib Pin             Reference Pin  Required  Actual  Slack    Location         Pin
Min Period        n/a     RAMB36E1/CLKARDCLK  n/a            2.576     6.735   4.159    RAMB36_X2Y23     i_system_wrapper/system_i/axi_hdmi_core/inst/i_tx_core/i_mem/m_ram_reg/CLKARDCLK
Max Period        n/a     MMCME2_ADV/CLKOUT0  n/a            213.360   6.735   206.625  MMCME2_ADV_X0Y0  i_system_wrapper/system_i/axi_hdmi_clkgen/inst/i_mmcm_drp/i_mmcm/CLKOUT0
Low Pulse Width   Slow    SRL16E/CLK          n/a            0.980     3.367   2.387    SLICE_X112Y115   i_system_wrapper/system_i/axi_hdmi_core/inst/i_tx_core/i_ss_444to422/s422_sync_reg[3]_srl4/CLK
High Pulse Width  Fast    SRL16E/CLK          n/a            0.980     3.367   2.387    SLICE_X112Y70    i_system_wrapper/system_i/axi_hdmi_core/inst/i_tx_core/i_ss_444to422/s444_sync_3d_reg[0]_srl3/CLK



---------------------------------------------------------------------------------------------------
From Clock:  mmcm_clk_1_s
  To Clock:  mmcm_clk_1_s

Setup :               Failing Endpoints,  Worst Slack               ,  Total Violation             
Hold  :               Failing Endpoints,  Worst Slack               ,  Total Violation             
PW    :            0  Failing Endpoints,  Worst Slack        5.486ns,  Total Violation        0.000ns
---------------------------------------------------------------------------------------------------


Pulse Width Checks
--------------------------------------------------------------------------------------
Clock Name:         mmcm_clk_1_s
Waveform:           { 0 3.36735 }
Period:             6.735
Sources:            { i_system_wrapper/system_i/axi_hdmi_clkgen/inst/i_mmcm_drp/i_mmcm/CLKOUT1 }

Check Type  Corner  Lib Pin             Reference Pin  Required  Actual  Slack    Location         Pin
Min Period  n/a     MMCME2_ADV/CLKOUT1  n/a            1.249     6.735   5.486    MMCME2_ADV_X0Y0  i_system_wrapper/system_i/axi_hdmi_clkgen/inst/i_mmcm_drp/i_mmcm/CLKOUT1
Max Period  n/a     MMCME2_ADV/CLKOUT1  n/a            213.360   6.735   206.625  MMCME2_ADV_X0Y0  i_system_wrapper/system_i/axi_hdmi_clkgen/inst/i_mmcm_drp/i_mmcm/CLKOUT1



---------------------------------------------------------------------------------------------------
From Clock:  mmcm_fb_clk_s
  To Clock:  mmcm_fb_clk_s

Setup :               Failing Endpoints,  Worst Slack               ,  Total Violation             
Hold  :               Failing Endpoints,  Worst Slack               ,  Total Violation             
PW    :            0  Failing Endpoints,  Worst Slack       45.000ns,  Total Violation        0.000ns
---------------------------------------------------------------------------------------------------


Pulse Width Checks
--------------------------------------------------------------------------------------
Clock Name:         mmcm_fb_clk_s
Waveform:           { 0 27.5 }
Period:             55.000
Sources:            { i_system_wrapper/system_i/axi_hdmi_clkgen/inst/i_mmcm_drp/i_mmcm/CLKFBOUT }

Check Type  Corner  Lib Pin             Reference Pin  Required  Actual  Slack   Location         Pin
Min Period  n/a     BUFG/I              n/a            2.155     55.000  52.845  BUFGCTRL_X0Y2    i_system_wrapper/system_i/axi_hdmi_clkgen/inst/i_mmcm_drp/i_fb_clk_bufg/I
Max Period  n/a     MMCME2_ADV/CLKFBIN  n/a            100.000   55.000  45.000  MMCME2_ADV_X0Y0  i_system_wrapper/system_i/axi_hdmi_clkgen/inst/i_mmcm_drp/i_mmcm/CLKFBIN



---------------------------------------------------------------------------------------------------
From Clock:  i_system_wrapper/system_i/sys_audio_clkgen/inst/clk_in1
  To Clock:  i_system_wrapper/system_i/sys_audio_clkgen/inst/clk_in1

Setup :               Failing Endpoints,  Worst Slack               ,  Total Violation             
Hold  :               Failing Endpoints,  Worst Slack               ,  Total Violation             
PW    :            0  Failing Endpoints,  Worst Slack        3.751ns,  Total Violation        0.000ns
---------------------------------------------------------------------------------------------------


Pulse Width Checks
--------------------------------------------------------------------------------------
Clock Name:         i_system_wrapper/system_i/sys_audio_clkgen/inst/clk_in1
Waveform:           { 0 2.5 }
Period:             5.000
Sources:            { i_system_wrapper/system_i/sys_audio_clkgen/inst/clk_in1 }

Check Type  Corner  Lib Pin              Reference Pin  Required  Actual  Slack   Location         Pin
Min Period  n/a     MMCME2_ADV/CLKFBOUT  n/a            1.249     5.000   3.751   MMCME2_ADV_X1Y0  i_system_wrapper/system_i/sys_audio_clkgen/inst/mmcm_adv_inst/CLKFBOUT
Max Period  n/a     MMCME2_ADV/CLKIN1    n/a            100.000   5.000   95.000  MMCME2_ADV_X1Y0  i_system_wrapper/system_i/sys_audio_clkgen/inst/mmcm_adv_inst/CLKIN1



---------------------------------------------------------------------------------------------------
From Clock:  clk_out1_system_sys_audio_clkgen_0_1
  To Clock:  clk_out1_system_sys_audio_clkgen_0_1

Setup :            0  Failing Endpoints,  Worst Slack       78.070ns,  Total Violation        0.000ns
Hold  :            0  Failing Endpoints,  Worst Slack        0.079ns,  Total Violation        0.000ns
PW    :            0  Failing Endpoints,  Worst Slack       39.440ns,  Total Violation        0.000ns
---------------------------------------------------------------------------------------------------


Max Delay Paths
--------------------------------------------------------------------------------------
Slack (MET) :             78.070ns  (required time - arrival time)
  Source:                 i_system_wrapper/system_i/axi_i2s_adi/U0/ctrl/tx_sync/rd_addr_reg[1]/C
                            (rising edge-triggered cell FDRE clocked by clk_out1_system_sys_audio_clkgen_0_1  {rise@0.000ns fall@40.690ns period=81.380ns})
  Destination:            i_system_wrapper/system_i/axi_i2s_adi/U0/ctrl/tx_sync/out_data_reg[2]/D
                            (rising edge-triggered cell FDRE clocked by clk_out1_system_sys_audio_clkgen_0_1  {rise@0.000ns fall@40.690ns period=81.380ns})
  Path Group:             clk_out1_system_sys_audio_clkgen_0_1
  Path Type:              Setup (Max at Slow Process Corner)
  Requirement:            81.380ns  (clk_out1_system_sys_audio_clkgen_0_1 rise@81.380ns - clk_out1_system_sys_audio_clkgen_0_1 rise@0.000ns)
  Data Path Delay:        2.757ns  (logic 0.801ns (29.050%)  route 1.956ns (70.950%))
  Logic Levels:           1  (RAMD32=1)
  Clock Path Skew:        -0.056ns (DCD - SCD + CPR)
    Destination Clock Delay (DCD):    1.651ns = ( 83.031 - 81.380 ) 
    Source Clock Delay      (SCD):    1.839ns
    Clock Pessimism Removal (CPR):    0.132ns
  Clock Uncertainty:      0.168ns  ((TSJ^2 + DJ^2)^1/2) / 2 + PE
    Total System Jitter     (TSJ):    0.071ns
    Discrete Jitter          (DJ):    0.328ns
    Phase Error              (PE):    0.000ns

    Location             Delay type                Incr(ns)  Path(ns)    Netlist Resource(s)
  -------------------------------------------------------------------    -------------------
                         (clock clk_out1_system_sys_audio_clkgen_0_1 rise edge)
                                                      0.000     0.000 r  
    BUFGCTRL_X0Y17       BUFG                         0.000     0.000 r  i_system_wrapper/system_i/sys_ps7/inst/buffer_fclk_clk_1.FCLK_CLK_1_BUFG/O
                         net (fo=2, routed)           1.806     1.806    i_system_wrapper/system_i/sys_audio_clkgen/inst/clk_in1
    MMCME2_ADV_X1Y0      MMCME2_ADV (Prop_mmcme2_adv_CLKIN1_CLKOUT0)
                                                     -3.793    -1.987 r  i_system_wrapper/system_i/sys_audio_clkgen/inst/mmcm_adv_inst/CLKOUT0
                         net (fo=1, routed)           1.889    -0.098    i_system_wrapper/system_i/sys_audio_clkgen/inst/clk_out1_system_sys_audio_clkgen_0
    BUFGCTRL_X0Y1        BUFG (Prop_bufg_I_O)         0.101     0.003 r  i_system_wrapper/system_i/sys_audio_clkgen/inst/clkout1_buf/O
                         net (fo=32, routed)          1.836     1.839    i_system_wrapper/system_i/axi_i2s_adi/U0/ctrl/tx_sync/DATA_CLK_I
    SLICE_X38Y118                                                     r  i_system_wrapper/system_i/axi_i2s_adi/U0/ctrl/tx_sync/rd_addr_reg[1]/C
  -------------------------------------------------------------------    -------------------
    SLICE_X38Y118        FDRE (Prop_fdre_C_Q)         0.478     2.317 r  i_system_wrapper/system_i/axi_i2s_adi/U0/ctrl/tx_sync/rd_addr_reg[1]/Q
                         net (fo=7, routed)           0.982     3.299    i_system_wrapper/system_i/axi_i2s_adi/U0/ctrl/tx_sync/fifo_reg_0_3_0_4/ADDRB1
    SLICE_X38Y117        RAMD32 (Prop_ramd32_RADR1_O)
                                                      0.323     3.622 r  i_system_wrapper/system_i/axi_i2s_adi/U0/ctrl/tx_sync/fifo_reg_0_3_0_4/RAMB/O
                         net (fo=1, routed)           0.974     4.596    i_system_wrapper/system_i/axi_i2s_adi/U0/ctrl/tx_sync/out_data0[2]
    SLICE_X41Y117        FDRE                                         r  i_system_wrapper/system_i/axi_i2s_adi/U0/ctrl/tx_sync/out_data_reg[2]/D
  -------------------------------------------------------------------    -------------------

                         (clock clk_out1_system_sys_audio_clkgen_0_1 rise edge)
                                                     81.380    81.380 r  
    BUFGCTRL_X0Y17       BUFG                         0.000    81.380 r  i_system_wrapper/system_i/sys_ps7/inst/buffer_fclk_clk_1.FCLK_CLK_1_BUFG/O
                         net (fo=2, routed)           1.612    82.993    i_system_wrapper/system_i/sys_audio_clkgen/inst/clk_in1
    MMCME2_ADV_X1Y0      MMCME2_ADV (Prop_mmcme2_adv_CLKIN1_CLKOUT0)
                                                     -3.425    79.567 r  i_system_wrapper/system_i/sys_audio_clkgen/inst/mmcm_adv_inst/CLKOUT0
                         net (fo=1, routed)           1.725    81.292    i_system_wrapper/system_i/sys_audio_clkgen/inst/clk_out1_system_sys_audio_clkgen_0
    BUFGCTRL_X0Y1        BUFG (Prop_bufg_I_O)         0.091    81.383 r  i_system_wrapper/system_i/sys_audio_clkgen/inst/clkout1_buf/O
                         net (fo=32, routed)          1.648    83.031    i_system_wrapper/system_i/axi_i2s_adi/U0/ctrl/tx_sync/DATA_CLK_I
    SLICE_X41Y117                                                     r  i_system_wrapper/system_i/axi_i2s_adi/U0/ctrl/tx_sync/out_data_reg[2]/C
                         clock pessimism              0.132    83.163    
                         clock uncertainty           -0.168    82.996    
    SLICE_X41Y117        FDRE (Setup_fdre_C_D)       -0.329    82.667    i_system_wrapper/system_i/axi_i2s_adi/U0/ctrl/tx_sync/out_data_reg[2]
  -------------------------------------------------------------------
                         required time                         82.667    
                         arrival time                          -4.596    
  -------------------------------------------------------------------
                         slack                                 78.070    





Min Delay Paths
--------------------------------------------------------------------------------------
Slack (MET) :             0.079ns  (arrival time - required time)
  Source:                 i_system_wrapper/system_i/axi_i2s_adi/U0/ctrl/rx_gen.rx_sync/wr_addr_reg[0]/C
                            (rising edge-triggered cell FDRE clocked by clk_out1_system_sys_audio_clkgen_0_1  {rise@0.000ns fall@40.690ns period=81.380ns})
  Destination:            i_system_wrapper/system_i/axi_i2s_adi/U0/ctrl/rx_gen.rx_sync/fifo_reg_0_3_0_4/RAMA/WADR0
                            (rising edge-triggered cell RAMD32 clocked by clk_out1_system_sys_audio_clkgen_0_1  {rise@0.000ns fall@40.690ns period=81.380ns})
  Path Group:             clk_out1_system_sys_audio_clkgen_0_1
  Path Type:              Hold (Min at Fast Process Corner)
  Requirement:            0.000ns  (clk_out1_system_sys_audio_clkgen_0_1 rise@0.000ns - clk_out1_system_sys_audio_clkgen_0_1 rise@0.000ns)
  Data Path Delay:        0.404ns  (logic 0.141ns (34.884%)  route 0.263ns (65.116%))
  Logic Levels:           0  
  Clock Path Skew:        0.015ns (DCD - SCD - CPR)
    Destination Clock Delay (DCD):    0.907ns
    Source Clock Delay      (SCD):    0.636ns
    Clock Pessimism Removal (CPR):    0.256ns

    Location             Delay type                Incr(ns)  Path(ns)    Netlist Resource(s)
  -------------------------------------------------------------------    -------------------
                         (clock clk_out1_system_sys_audio_clkgen_0_1 rise edge)
                                                      0.000     0.000 r  
    BUFGCTRL_X0Y17       BUFG                         0.000     0.000 r  i_system_wrapper/system_i/sys_ps7/inst/buffer_fclk_clk_1.FCLK_CLK_1_BUFG/O
                         net (fo=2, routed)           0.597     0.597    i_system_wrapper/system_i/sys_audio_clkgen/inst/clk_in1
    MMCME2_ADV_X1Y0      MMCME2_ADV (Prop_mmcme2_adv_CLKIN1_CLKOUT0)
                                                     -1.149    -0.553 r  i_system_wrapper/system_i/sys_audio_clkgen/inst/mmcm_adv_inst/CLKOUT0
                         net (fo=1, routed)           0.529    -0.024    i_system_wrapper/system_i/sys_audio_clkgen/inst/clk_out1_system_sys_audio_clkgen_0
    BUFGCTRL_X0Y1        BUFG (Prop_bufg_I_O)         0.026     0.002 r  i_system_wrapper/system_i/sys_audio_clkgen/inst/clkout1_buf/O
                         net (fo=32, routed)          0.634     0.636    i_system_wrapper/system_i/axi_i2s_adi/U0/ctrl/rx_gen.rx_sync/DATA_CLK_I
    SLICE_X40Y117                                                     r  i_system_wrapper/system_i/axi_i2s_adi/U0/ctrl/rx_gen.rx_sync/wr_addr_reg[0]/C
  -------------------------------------------------------------------    -------------------
    SLICE_X40Y117        FDRE (Prop_fdre_C_Q)         0.141     0.777 r  i_system_wrapper/system_i/axi_i2s_adi/U0/ctrl/rx_gen.rx_sync/wr_addr_reg[0]/Q
                         net (fo=10, routed)          0.263     1.040    i_system_wrapper/system_i/axi_i2s_adi/U0/ctrl/rx_gen.rx_sync/fifo_reg_0_3_0_4/ADDRD0
    SLICE_X42Y116        RAMD32                                       r  i_system_wrapper/system_i/axi_i2s_adi/U0/ctrl/rx_gen.rx_sync/fifo_reg_0_3_0_4/RAMA/WADR0
  -------------------------------------------------------------------    -------------------

                         (clock clk_out1_system_sys_audio_clkgen_0_1 rise edge)
                                                      0.000     0.000 r  
    BUFGCTRL_X0Y17       BUFG                         0.000     0.000 r  i_system_wrapper/system_i/sys_ps7/inst/buffer_fclk_clk_1.FCLK_CLK_1_BUFG/O
                         net (fo=2, routed)           0.864     0.864    i_system_wrapper/system_i/sys_audio_clkgen/inst/clk_in1
    MMCME2_ADV_X1Y0      MMCME2_ADV (Prop_mmcme2_adv_CLKIN1_CLKOUT0)
                                                     -1.467    -0.603 r  i_system_wrapper/system_i/sys_audio_clkgen/inst/mmcm_adv_inst/CLKOUT0
                         net (fo=1, routed)           0.576    -0.027    i_system_wrapper/system_i/sys_audio_clkgen/inst/clk_out1_system_sys_audio_clkgen_0
    BUFGCTRL_X0Y1        BUFG (Prop_bufg_I_O)         0.029     0.002 r  i_system_wrapper/system_i/sys_audio_clkgen/inst/clkout1_buf/O
                         net (fo=32, routed)          0.905     0.907    i_system_wrapper/system_i/axi_i2s_adi/U0/ctrl/rx_gen.rx_sync/fifo_reg_0_3_0_4/WCLK
    SLICE_X42Y116                                                     r  i_system_wrapper/system_i/axi_i2s_adi/U0/ctrl/rx_gen.rx_sync/fifo_reg_0_3_0_4/RAMA/CLK
                         clock pessimism             -0.256     0.651    
    SLICE_X42Y116        RAMD32 (Hold_ramd32_CLK_WADR0)
                                                      0.310     0.961    i_system_wrapper/system_i/axi_i2s_adi/U0/ctrl/rx_gen.rx_sync/fifo_reg_0_3_0_4/RAMA
  -------------------------------------------------------------------
                         required time                         -0.961    
                         arrival time                           1.040    
  -------------------------------------------------------------------
                         slack                                  0.079    





Pulse Width Checks
--------------------------------------------------------------------------------------
Clock Name:         clk_out1_system_sys_audio_clkgen_0_1
Waveform:           { 0 40.6901 }
Period:             81.380
Sources:            { i_system_wrapper/system_i/sys_audio_clkgen/inst/mmcm_adv_inst/CLKOUT0 }

Check Type        Corner  Lib Pin             Reference Pin  Required  Actual  Slack    Location         Pin
Min Period        n/a     BUFG/I              n/a            2.155     81.380  79.225   BUFGCTRL_X0Y1    i_system_wrapper/system_i/sys_audio_clkgen/inst/clkout1_buf/I
Max Period        n/a     MMCME2_ADV/CLKOUT0  n/a            213.360   81.380  131.980  MMCME2_ADV_X1Y0  i_system_wrapper/system_i/sys_audio_clkgen/inst/mmcm_adv_inst/CLKOUT0
Low Pulse Width   Fast    RAMD32/CLK          n/a            1.250     40.690  39.440   SLICE_X42Y116    i_system_wrapper/system_i/axi_i2s_adi/U0/ctrl/rx_gen.rx_sync/fifo_reg_0_3_0_4/RAMA/CLK
High Pulse Width  Slow    RAMD32/CLK          n/a            1.250     40.690  39.440   SLICE_X42Y116    i_system_wrapper/system_i/axi_i2s_adi/U0/ctrl/rx_gen.rx_sync/fifo_reg_0_3_0_4/RAMA/CLK



---------------------------------------------------------------------------------------------------
From Clock:  clkfbout_system_sys_audio_clkgen_0_1
  To Clock:  clkfbout_system_sys_audio_clkgen_0_1

Setup :               Failing Endpoints,  Worst Slack               ,  Total Violation             
Hold  :               Failing Endpoints,  Worst Slack               ,  Total Violation             
PW    :            0  Failing Endpoints,  Worst Slack       42.845ns,  Total Violation        0.000ns
---------------------------------------------------------------------------------------------------


Pulse Width Checks
--------------------------------------------------------------------------------------
Clock Name:         clkfbout_system_sys_audio_clkgen_0_1
Waveform:           { 0 22.5 }
Period:             45.000
Sources:            { i_system_wrapper/system_i/sys_audio_clkgen/inst/mmcm_adv_inst/CLKFBOUT }

Check Type  Corner  Lib Pin             Reference Pin  Required  Actual  Slack   Location         Pin
Min Period  n/a     BUFG/I              n/a            2.155     45.000  42.845  BUFGCTRL_X0Y3    i_system_wrapper/system_i/sys_audio_clkgen/inst/clkf_buf/I
Max Period  n/a     MMCME2_ADV/CLKFBIN  n/a            100.000   45.000  55.000  MMCME2_ADV_X1Y0  i_system_wrapper/system_i/sys_audio_clkgen/inst/mmcm_adv_inst/CLKFBIN



---------------------------------------------------------------------------------------------------
Path Group:  **async_default**
From Clock:  clk_fpga_0
  To Clock:  clk_fpga_0

Setup :            0  Failing Endpoints,  Worst Slack        1.484ns,  Total Violation        0.000ns
Hold  :            0  Failing Endpoints,  Worst Slack        0.352ns,  Total Violation        0.000ns
---------------------------------------------------------------------------------------------------


Max Delay Paths
--------------------------------------------------------------------------------------
Slack (MET) :             1.484ns  (required time - arrival time)
  Source:                 i_system_wrapper/system_i/sys_rstgen/U0/ACTIVE_LOW_PR_OUT_DFF[0].peripheral_aresetn_reg[0]/C
                            (rising edge-triggered cell FDRE clocked by clk_fpga_0  {rise@0.000ns fall@5.000ns period=10.000ns})
  Destination:            i_system_wrapper/system_i/axi_hdmi_core/inst/i_up/i_hdmi_xfer_cntrl/up_xfer_count_reg[1]/CLR
                            (recovery check against rising-edge clock clk_fpga_0  {rise@0.000ns fall@5.000ns period=10.000ns})
  Path Group:             **async_default**
  Path Type:              Recovery (Max at Slow Process Corner)
  Requirement:            10.000ns  (clk_fpga_0 rise@10.000ns - clk_fpga_0 rise@0.000ns)
  Data Path Delay:        7.791ns  (logic 0.642ns (8.240%)  route 7.149ns (91.760%))
  Logic Levels:           1  (LUT1=1)
  Clock Path Skew:        -0.165ns (DCD - SCD + CPR)
    Destination Clock Delay (DCD):    4.163ns = ( 14.163 - 10.000 ) 
    Source Clock Delay      (SCD):    4.774ns
    Clock Pessimism Removal (CPR):    0.446ns
  Clock Uncertainty:      0.154ns  ((TSJ^2 + TIJ^2)^1/2 + DJ) / 2 + PE
    Total System Jitter     (TSJ):    0.071ns
    Total Input Jitter      (TIJ):    0.300ns
    Discrete Jitter          (DJ):    0.000ns
    Phase Error              (PE):    0.000ns

    Location             Delay type                Incr(ns)  Path(ns)    Netlist Resource(s)
  -------------------------------------------------------------------    -------------------
                         (clock clk_fpga_0 rise edge)
                                                      0.000     0.000 r  
    PS7_X0Y0             PS7                          0.000     0.000 r  i_system_wrapper/system_i/sys_ps7/inst/PS7_i/FCLKCLK[0]
                         net (fo=1, routed)           2.782     2.782    i_system_wrapper/system_i/sys_ps7/inst/FCLK_CLK_unbuffered[0]
    BUFGCTRL_X0Y16       BUFG (Prop_bufg_I_O)         0.101     2.883 r  i_system_wrapper/system_i/sys_ps7/inst/buffer_fclk_clk_0.FCLK_CLK_0_BUFG/O
                         net (fo=7208, routed)        1.891     4.774    i_system_wrapper/system_i/sys_rstgen/U0/slowest_sync_clk
    SLICE_X30Y105                                                     r  i_system_wrapper/system_i/sys_rstgen/U0/ACTIVE_LOW_PR_OUT_DFF[0].peripheral_aresetn_reg[0]/C
  -------------------------------------------------------------------    -------------------
    SLICE_X30Y105        FDRE (Prop_fdre_C_Q)         0.518     5.292 r  i_system_wrapper/system_i/sys_rstgen/U0/ACTIVE_LOW_PR_OUT_DFF[0].peripheral_aresetn_reg[0]/Q
                         net (fo=119, routed)         3.053     8.345    i_system_wrapper/system_i/axi_hdmi_core/inst/i_up/i_hdmi_xfer_cntrl/s_axi_aresetn
    SLICE_X30Y124        LUT1 (Prop_lut1_I0_O)        0.124     8.469 f  i_system_wrapper/system_i/axi_hdmi_core/inst/i_up/i_hdmi_xfer_cntrl/up_axi_awready_i_2/O
                         net (fo=110, routed)         4.097    12.566    i_system_wrapper/system_i/axi_hdmi_core/inst/i_up/i_hdmi_xfer_cntrl/O1
    SLICE_X59Y125        FDCE                                         f  i_system_wrapper/system_i/axi_hdmi_core/inst/i_up/i_hdmi_xfer_cntrl/up_xfer_count_reg[1]/CLR
  -------------------------------------------------------------------    -------------------

                         (clock clk_fpga_0 rise edge)
                                                     10.000    10.000 r  
    PS7_X0Y0             PS7                          0.000    10.000 r  i_system_wrapper/system_i/sys_ps7/inst/PS7_i/FCLKCLK[0]
                         net (fo=1, routed)           2.378    12.378    i_system_wrapper/system_i/sys_ps7/inst/FCLK_CLK_unbuffered[0]
    BUFGCTRL_X0Y16       BUFG (Prop_bufg_I_O)         0.091    12.469 r  i_system_wrapper/system_i/sys_ps7/inst/buffer_fclk_clk_0.FCLK_CLK_0_BUFG/O
                         net (fo=7208, routed)        1.694    14.163    i_system_wrapper/system_i/axi_hdmi_core/inst/i_up/i_hdmi_xfer_cntrl/s_axi_aclk
    SLICE_X59Y125                                                     r  i_system_wrapper/system_i/axi_hdmi_core/inst/i_up/i_hdmi_xfer_cntrl/up_xfer_count_reg[1]/C
                         clock pessimism              0.446    14.609    
                         clock uncertainty           -0.154    14.455    
    SLICE_X59Y125        FDCE (Recov_fdce_C_CLR)     -0.405    14.050    i_system_wrapper/system_i/axi_hdmi_core/inst/i_up/i_hdmi_xfer_cntrl/up_xfer_count_reg[1]
  -------------------------------------------------------------------
                         required time                         14.050    
                         arrival time                         -12.566    
  -------------------------------------------------------------------
                         slack                                  1.484    





Min Delay Paths
--------------------------------------------------------------------------------------
Slack (MET) :             0.352ns  (arrival time - required time)
  Source:                 i_system_wrapper/system_i/axi_mem_intercon/m00_couplers/auto_pc/inst/gen_axi4_axi3.axi3_conv_inst/USE_READ.USE_SPLIT_R.read_addr_inst/USE_R_CHANNEL.cmd_queue/inst/fifo_gen_inst/inst_fifo_gen/gconvfifo.rf/grf.rf/rstblk/ngwrdrst.grst.g7serrst.wr_rst_reg_reg[1]/C
                            (rising edge-triggered cell FDPE clocked by clk_fpga_0  {rise@0.000ns fall@5.000ns period=10.000ns})
  Destination:            i_system_wrapper/system_i/axi_mem_intercon/m00_couplers/auto_pc/inst/gen_axi4_axi3.axi3_conv_inst/USE_READ.USE_SPLIT_R.read_addr_inst/USE_R_CHANNEL.cmd_queue/inst/fifo_gen_inst/inst_fifo_gen/gconvfifo.rf/grf.rf/gntv_or_sync_fifo.gl0.wr/wpntr/gcc0.gc0.count_reg[1]/CLR
                            (removal check against rising-edge clock clk_fpga_0  {rise@0.000ns fall@5.000ns period=10.000ns})
  Path Group:             **async_default**
  Path Type:              Removal (Min at Fast Process Corner)
  Requirement:            0.000ns  (clk_fpga_0 rise@0.000ns - clk_fpga_0 rise@0.000ns)
  Data Path Delay:        0.300ns  (logic 0.164ns (54.638%)  route 0.136ns (45.362%))
  Logic Levels:           0  
  Clock Path Skew:        0.015ns (DCD - SCD - CPR)
    Destination Clock Delay (DCD):    2.234ns
    Source Clock Delay      (SCD):    1.789ns
    Clock Pessimism Removal (CPR):    0.430ns

    Location             Delay type                Incr(ns)  Path(ns)    Netlist Resource(s)
  -------------------------------------------------------------------    -------------------
                         (clock clk_fpga_0 rise edge)
                                                      0.000     0.000 r  
    PS7_X0Y0             PS7                          0.000     0.000 r  i_system_wrapper/system_i/sys_ps7/inst/PS7_i/FCLKCLK[0]
                         net (fo=1, routed)           1.168     1.168    i_system_wrapper/system_i/sys_ps7/inst/FCLK_CLK_unbuffered[0]
    BUFGCTRL_X0Y16       BUFG (Prop_bufg_I_O)         0.026     1.194 r  i_system_wrapper/system_i/sys_ps7/inst/buffer_fclk_clk_0.FCLK_CLK_0_BUFG/O
                         net (fo=7208, routed)        0.595     1.789    i_system_wrapper/system_i/axi_mem_intercon/m00_couplers/auto_pc/inst/gen_axi4_axi3.axi3_conv_inst/USE_READ.USE_SPLIT_R.read_addr_inst/USE_R_CHANNEL.cmd_queue/inst/fifo_gen_inst/inst_fifo_gen/gconvfifo.rf/grf.rf/rstblk/clk
    SLICE_X22Y43                                                      r  i_system_wrapper/system_i/axi_mem_intercon/m00_couplers/auto_pc/inst/gen_axi4_axi3.axi3_conv_inst/USE_READ.USE_SPLIT_R.read_addr_inst/USE_R_CHANNEL.cmd_queue/inst/fifo_gen_inst/inst_fifo_gen/gconvfifo.rf/grf.rf/rstblk/ngwrdrst.grst.g7serrst.wr_rst_reg_reg[1]/C
  -------------------------------------------------------------------    -------------------
    SLICE_X22Y43         FDPE (Prop_fdpe_C_Q)         0.164     1.953 f  i_system_wrapper/system_i/axi_mem_intercon/m00_couplers/auto_pc/inst/gen_axi4_axi3.axi3_conv_inst/USE_READ.USE_SPLIT_R.read_addr_inst/USE_R_CHANNEL.cmd_queue/inst/fifo_gen_inst/inst_fifo_gen/gconvfifo.rf/grf.rf/rstblk/ngwrdrst.grst.g7serrst.wr_rst_reg_reg[1]/Q
                         net (fo=10, routed)          0.136     2.089    i_system_wrapper/system_i/axi_mem_intercon/m00_couplers/auto_pc/inst/gen_axi4_axi3.axi3_conv_inst/USE_READ.USE_SPLIT_R.read_addr_inst/USE_R_CHANNEL.cmd_queue/inst/fifo_gen_inst/inst_fifo_gen/gconvfifo.rf/grf.rf/gntv_or_sync_fifo.gl0.wr/wpntr/I2[0]
    SLICE_X22Y42         FDCE                                         f  i_system_wrapper/system_i/axi_mem_intercon/m00_couplers/auto_pc/inst/gen_axi4_axi3.axi3_conv_inst/USE_READ.USE_SPLIT_R.read_addr_inst/USE_R_CHANNEL.cmd_queue/inst/fifo_gen_inst/inst_fifo_gen/gconvfifo.rf/grf.rf/gntv_or_sync_fifo.gl0.wr/wpntr/gcc0.gc0.count_reg[1]/CLR
  -------------------------------------------------------------------    -------------------

                         (clock clk_fpga_0 rise edge)
                                                      0.000     0.000 r  
    PS7_X0Y0             PS7                          0.000     0.000 r  i_system_wrapper/system_i/sys_ps7/inst/PS7_i/FCLKCLK[0]
                         net (fo=1, routed)           1.343     1.343    i_system_wrapper/system_i/sys_ps7/inst/FCLK_CLK_unbuffered[0]
    BUFGCTRL_X0Y16       BUFG (Prop_bufg_I_O)         0.029     1.372 r  i_system_wrapper/system_i/sys_ps7/inst/buffer_fclk_clk_0.FCLK_CLK_0_BUFG/O
                         net (fo=7208, routed)        0.862     2.234    i_system_wrapper/system_i/axi_mem_intercon/m00_couplers/auto_pc/inst/gen_axi4_axi3.axi3_conv_inst/USE_READ.USE_SPLIT_R.read_addr_inst/USE_R_CHANNEL.cmd_queue/inst/fifo_gen_inst/inst_fifo_gen/gconvfifo.rf/grf.rf/gntv_or_sync_fifo.gl0.wr/wpntr/clk
    SLICE_X22Y42                                                      r  i_system_wrapper/system_i/axi_mem_intercon/m00_couplers/auto_pc/inst/gen_axi4_axi3.axi3_conv_inst/USE_READ.USE_SPLIT_R.read_addr_inst/USE_R_CHANNEL.cmd_queue/inst/fifo_gen_inst/inst_fifo_gen/gconvfifo.rf/grf.rf/gntv_or_sync_fifo.gl0.wr/wpntr/gcc0.gc0.count_reg[1]/C
                         clock pessimism             -0.430     1.804    
    SLICE_X22Y42         FDCE (Remov_fdce_C_CLR)     -0.067     1.737    i_system_wrapper/system_i/axi_mem_intercon/m00_couplers/auto_pc/inst/gen_axi4_axi3.axi3_conv_inst/USE_READ.USE_SPLIT_R.read_addr_inst/USE_R_CHANNEL.cmd_queue/inst/fifo_gen_inst/inst_fifo_gen/gconvfifo.rf/grf.rf/gntv_or_sync_fifo.gl0.wr/wpntr/gcc0.gc0.count_reg[1]
  -------------------------------------------------------------------
                         required time                         -1.737    
                         arrival time                           2.089    
  -------------------------------------------------------------------
                         slack                                  0.352    





