Copyright 1986-2014 Xilinx, Inc. All Rights Reserved.
---------------------------------------------------------------------------------------------------------------
| Tool Version : Vivado v.2014.2 (lin64) Build 932637 Wed Jun 11 13:08:52 MDT 2014
| Date         : Sat Dec  5 18:52:56 2015
| Host         : ubuntu-xilinx-2014 running 64-bit Ubuntu 14.04.3 LTS
| Command      : report_utilization -file system_top_utilization_synth.rpt -pb system_top_utilization_synth.pb
| Design       : system_top
| Device       : xc7z020
| Design State : Synthesized
---------------------------------------------------------------------------------------------------------------

Utilization Design Information

Table of Contents
-----------------
1. Slice Logic
2. Memory
3. DSP
4. IO and GT Specific
5. Clocking
6. Specific Feature
7. Primitives
8. Black Boxes
9. Instantiated Netlists

1. Slice Logic
--------------

+----------------------------+------+-------+-----------+-------+
|          Site Type         | Used | Fixed | Available | Util% |
+----------------------------+------+-------+-----------+-------+
| Slice LUTs*                | 5784 |     0 |     53200 | 10.87 |
|   LUT as Logic             | 5456 |     0 |     53200 | 10.25 |
|   LUT as Memory            |  328 |     0 |     17400 |  1.88 |
|     LUT as Distributed RAM |   76 |     0 |           |       |
|     LUT as Shift Register  |  252 |     0 |           |       |
| Slice Registers            | 6650 |     0 |    106400 |  6.25 |
|   Register as Flip Flop    | 6650 |     0 |    106400 |  6.25 |
|   Register as Latch        |    0 |     0 |    106400 |  0.00 |
| F7 Muxes                   |    8 |     0 |     26600 |  0.03 |
| F8 Muxes                   |    0 |     0 |     13300 |  0.00 |
+----------------------------+------+-------+-----------+-------+
* Warning! The Final LUT count, after physical optimizations and full implementation, is typically lower. Run opt_design after synthesis, if not already completed, for a more realistic count.


2. Memory
---------

+-------------------+------+-------+-----------+-------+
|     Site Type     | Used | Fixed | Available | Util% |
+-------------------+------+-------+-----------+-------+
| Block RAM Tile    |  2.5 |     0 |       140 |  1.78 |
|   RAMB36/FIFO*    |    2 |     0 |       140 |  1.42 |
|     RAMB36E1 only |    2 |       |           |       |
|   RAMB18          |    1 |     0 |       280 |  0.35 |
|     RAMB18E1 only |    1 |       |           |       |
+-------------------+------+-------+-----------+-------+
* Note: Each Block RAM Tile only has one FIFO logic available and therefore can accommodate only one FIFO36E1 or one FIFO18E1. However, if a FIFO18E1 occupies a Block RAM Tile, that tile can still accommodate a RAMB18E1


3. DSP
------

+----------------+------+-------+-----------+-------+
|    Site Type   | Used | Fixed | Available | Util% |
+----------------+------+-------+-----------+-------+
| DSPs           |    9 |     0 |       220 |  4.09 |
|   DSP48E1 only |    9 |       |           |       |
+----------------+------+-------+-----------+-------+


4. IO and GT Specific
---------------------

+-----------------------------+------+-------+-----------+--------+
|          Site Type          | Used | Fixed | Available |  Util% |
+-----------------------------+------+-------+-----------+--------+
| Bonded IOB                  |   65 |     0 |       200 |  32.50 |
| Bonded IPADs                |    0 |     0 |         2 |   0.00 |
| Bonded IOPADs               |  130 |     0 |       130 | 100.00 |
| PHY_CONTROL                 |    0 |     0 |         4 |   0.00 |
| PHASER_REF                  |    0 |     0 |         4 |   0.00 |
| OUT_FIFO                    |    0 |     0 |        16 |   0.00 |
| IN_FIFO                     |    0 |     0 |        16 |   0.00 |
| IDELAYCTRL                  |    0 |     0 |         4 |   0.00 |
| IBUFGDS                     |    0 |     0 |       192 |   0.00 |
| PHASER_OUT/PHASER_OUT_PHY   |    0 |     0 |        16 |   0.00 |
| PHASER_IN/PHASER_IN_PHY     |    0 |     0 |        16 |   0.00 |
| IDELAYE2/IDELAYE2_FINEDELAY |    0 |     0 |       200 |   0.00 |
| ILOGIC                      |    0 |     0 |       200 |   0.00 |
| OLOGIC                      |    1 |     0 |       200 |   0.50 |
|   ODDR                      |    1 |       |           |        |
+-----------------------------+------+-------+-----------+--------+


5. Clocking
-----------

+------------+------+-------+-----------+-------+
|  Site Type | Used | Fixed | Available | Util% |
+------------+------+-------+-----------+-------+
| BUFGCTRL   |    7 |     0 |        32 | 21.87 |
| BUFIO      |    0 |     0 |        16 |  0.00 |
| MMCME2_ADV |    2 |     0 |         4 | 50.00 |
| PLLE2_ADV  |    0 |     0 |         4 |  0.00 |
| BUFMRCE    |    0 |     0 |         8 |  0.00 |
| BUFHCE     |    0 |     0 |        72 |  0.00 |
| BUFR       |    0 |     0 |        16 |  0.00 |
+------------+------+-------+-----------+-------+


6. Specific Feature
-------------------

+-------------+------+-------+-----------+-------+
|  Site Type  | Used | Fixed | Available | Util% |
+-------------+------+-------+-----------+-------+
| BSCANE2     |    0 |     0 |         4 |  0.00 |
| CAPTUREE2   |    0 |     0 |         1 |  0.00 |
| DNA_PORT    |    0 |     0 |         1 |  0.00 |
| EFUSE_USR   |    0 |     0 |         1 |  0.00 |
| FRAME_ECCE2 |    0 |     0 |         1 |  0.00 |
| ICAPE2      |    0 |     0 |         2 |  0.00 |
| STARTUPE2   |    0 |     0 |         1 |  0.00 |
| XADC        |    0 |     0 |         1 |  0.00 |
+-------------+------+-------+-----------+-------+


7. Primitives
-------------

+------------+------+----------------------+
|  Ref Name  | Used |  Functional Category |
+------------+------+----------------------+
| FDRE       | 5281 |         Flop & Latch |
| LUT6       | 1909 |                  LUT |
| LUT3       | 1240 |                  LUT |
| LUT5       | 1093 |                  LUT |
| FDCE       | 1048 |         Flop & Latch |
| LUT4       | 1034 |                  LUT |
| LUT2       |  911 |                  LUT |
| LUT1       |  470 |                  LUT |
| CARRY4     |  313 |           CarryLogic |
| FDSE       |  268 |         Flop & Latch |
| SRL16E     |  205 |   Distributed Memory |
| BIBUF      |  130 |                   IO |
| RAMD32     |  112 |   Distributed Memory |
| FDPE       |   53 |         Flop & Latch |
| SRLC32E    |   47 |   Distributed Memory |
| IBUF       |   40 |                   IO |
| OBUFT      |   38 |                   IO |
| RAMS32     |   36 |   Distributed Memory |
| OBUF       |   25 |                   IO |
| DSP48E1    |    9 |     Block Arithmetic |
| MUXF7      |    8 |                MuxFx |
| BUFG       |    7 |                Clock |
| RAMB36E1   |    2 |         Block Memory |
| MMCME2_ADV |    2 |                Clock |
| RAMB18E1   |    1 |         Block Memory |
| PS7        |    1 | Specialized Resource |
| ODDR       |    1 |                   IO |
+------------+------+----------------------+


8. Black Boxes
--------------

+----------+------+
| Ref Name | Used |
+----------+------+


9. Instantiated Netlists
------------------------

+----------+------+
| Ref Name | Used |
+----------+------+


