#-----------------------------------------------------------
# Vivado v2014.2 (64-bit)
# SW Build 932637 on Wed Jun 11 13:08:52 MDT 2014
# IP Build 924643 on Fri May 30 09:20:16 MDT 2014
# Start of session at: Sun Dec  6 02:14:14 2015
# Process ID: 27741
# Log file: /home/michael/ecen5139_final_project/hdl_ad7511_fork/projects/adv7511/zed/adv7511_zed.sdk/webtalk/vivado.log
# Journal file: /home/michael/ecen5139_final_project/hdl_ad7511_fork/projects/adv7511/zed/adv7511_zed.sdk/webtalk/vivado.jou
#-----------------------------------------------------------
source sdk.tcl
# webtalk_init -webtalk_dir /home/michael/ecen5139_final_project/hdl_ad7511_fork/projects/adv7511/zed/adv7511_zed.sdk/webtalk
# webtalk_register_client -client project
# webtalk_add_data -client project -key date_generated -value "Sun Dec 6 02:14:13 2015" -context "software_version_and_target_device"
# webtalk_add_data -client project -key product_version -value "SDK v2014.2" -context "software_version_and_target_device"
# webtalk_add_data -client project -key build_version -value "2014.2" -context "software_version_and_target_device"
# webtalk_add_data -client project -key os_platform -value "amd64" -context "software_version_and_target_device"
# webtalk_add_data -client project -key registration_id -value "NA" -context "software_version_and_target_device"
# webtalk_add_data -client project -key tool_flow -value "SDK" -context "software_version_and_target_device"
# webtalk_add_data -client project -key beta -value "false" -context "software_version_and_target_device"
# webtalk_add_data -client project -key route_design -value "NA" -context "software_version_and_target_device"
# webtalk_add_data -client project -key target_family -value "NA" -context "software_version_and_target_device"
# webtalk_add_data -client project -key target_device -value "NA" -context "software_version_and_target_device"
# webtalk_add_data -client project -key target_package -value "NA" -context "software_version_and_target_device"
# webtalk_add_data -client project -key target_speed -value "NA" -context "software_version_and_target_device"
# webtalk_add_data -client project -key random_id -value "ah4aphhvlgh1hnpfhqkf5f8aqi" -context "software_version_and_target_device"
# webtalk_add_data -client project -key project_id -value "2014.2_4" -context "software_version_and_target_device"
# webtalk_add_data -client project -key project_iteration -value "4" -context "software_version_and_target_device"
# webtalk_add_data -client project -key os_name -value "Ubuntu" -context "user_environment"
# webtalk_add_data -client project -key os_release -value "Ubuntu 14.04.3 LTS" -context "user_environment"
# webtalk_add_data -client project -key cpu_name -value "Intel(R) Core(TM) i7-4700MQ CPU @ 2.40GHz" -context "user_environment"
# webtalk_add_data -client project -key cpu_speed -value "2394.329 MHz" -context "user_environment"
# webtalk_add_data -client project -key total_processors -value "1" -context "user_environment"
# webtalk_add_data -client project -key system_ram -value "4.000 GB" -context "user_environment"
# webtalk_register_client -client sdk
# webtalk_add_data -client sdk -key uid -value "1449393146000" -context "sdk\\\\hardware/1449393146000"
# webtalk_add_data -client sdk -key isZynq -value "true" -context "sdk\\\\hardware/1449393146000"
# webtalk_add_data -client sdk -key Processors -value "2" -context "sdk\\\\hardware/1449393146000"
# webtalk_add_data -client sdk -key VivadoVersion -value "2014.2" -context "sdk\\\\hardware/1449393146000"
# webtalk_add_data -client sdk -key Arch -value "zynq" -context "sdk\\\\hardware/1449393146000"
# webtalk_add_data -client sdk -key Device -value "7z020" -context "sdk\\\\hardware/1449393146000"
# webtalk_add_data -client sdk -key IsHandoff -value "true" -context "sdk\\\\hardware/1449393146000"
# webtalk_transmit -clientid 2384353460 -regid "NA" -xml /home/michael/ecen5139_final_project/hdl_ad7511_fork/projects/adv7511/zed/adv7511_zed.sdk/webtalk/usage_statistics_ext_sdk.xml -html /home/michael/ecen5139_final_project/hdl_ad7511_fork/projects/adv7511/zed/adv7511_zed.sdk/webtalk/usage_statistics_ext_sdk.html -wdm /home/michael/ecen5139_final_project/hdl_ad7511_fork/projects/adv7511/zed/adv7511_zed.sdk/webtalk/sdk.wdm -intro "<H3>SDK Usage Report</H3><BR>"

    while executing
"webtalk_transmit -clientid 2384353460 -regid "NA" -xml /home/michael/ecen5139_final_project/hdl_ad7511_fork/projects/adv7511/zed/adv7511_zed.sdk/webta..."
    (file "sdk.tcl" line 32)
INFO: [Common 17-206] Exiting Vivado at Sun Dec  6 02:14:19 2015...
